  [1m[35m (363.3ms)[0m  [1m[35mCREATE DATABASE "musicapp_development" ENCODING = 'unicode'[0m
  ↳ bin/rails:9
  [1m[35m (340.8ms)[0m  [1m[35mCREATE DATABASE "musicapp_test" ENCODING = 'unicode'[0m
  ↳ bin/rails:9
  [1m[35m (12.0ms)[0m  [1m[35mCREATE TABLE "schema_migrations" ("version" character varying NOT NULL PRIMARY KEY)[0m
  ↳ bin/rails:9
  [1m[35m (5.5ms)[0m  [1m[35mCREATE TABLE "ar_internal_metadata" ("key" character varying NOT NULL PRIMARY KEY, "value" character varying, "created_at" timestamp NOT NULL, "updated_at" timestamp NOT NULL)[0m
  ↳ bin/rails:9
  [1m[35m (0.7ms)[0m  [1m[34mSELECT pg_try_advisory_lock(6582489708232696860)[0m
  ↳ bin/rails:9
  [1m[35m (1.6ms)[0m  [1m[34mSELECT "schema_migrations"."version" FROM "schema_migrations" ORDER BY "schema_migrations"."version" ASC[0m
  ↳ bin/rails:9
Migrating to CreateUsers (20181115181727)
  [1m[35m (0.2ms)[0m  [1m[35mBEGIN[0m
  ↳ bin/rails:9
  [1m[35m (13.5ms)[0m  [1m[35mCREATE TABLE "users" ("id" bigserial primary key, "email" character varying NOT NULL, "password_digest" character varying NOT NULL, "session_token" character varying NOT NULL, "created_at" timestamp NOT NULL, "updated_at" timestamp NOT NULL)[0m
  ↳ db/migrate/20181115181727_create_users.rb:3
  [1m[35m (1.4ms)[0m  [1m[35mCREATE UNIQUE INDEX  "index_users_on_email" ON "users"  ("email")[0m
  ↳ db/migrate/20181115181727_create_users.rb:10
  [1m[35m (1.4ms)[0m  [1m[35mCREATE UNIQUE INDEX  "index_users_on_session_token" ON "users"  ("session_token")[0m
  ↳ db/migrate/20181115181727_create_users.rb:11
  [1m[36mActiveRecord::SchemaMigration Create (0.7ms)[0m  [1m[32mINSERT INTO "schema_migrations" ("version") VALUES ($1) RETURNING "version"[0m  [["version", "20181115181727"]]
  ↳ bin/rails:9
  [1m[35m (0.5ms)[0m  [1m[35mCOMMIT[0m
  ↳ bin/rails:9
  [1m[36mActiveRecord::InternalMetadata Load (0.4ms)[0m  [1m[34mSELECT  "ar_internal_metadata".* FROM "ar_internal_metadata" WHERE "ar_internal_metadata"."key" = $1 LIMIT $2[0m  [["key", "environment"], ["LIMIT", 1]]
  ↳ bin/rails:9
  [1m[35m (0.1ms)[0m  [1m[35mBEGIN[0m
  ↳ bin/rails:9
  [1m[36mActiveRecord::InternalMetadata Create (0.8ms)[0m  [1m[32mINSERT INTO "ar_internal_metadata" ("key", "value", "created_at", "updated_at") VALUES ($1, $2, $3, $4) RETURNING "key"[0m  [["key", "environment"], ["value", "development"], ["created_at", "2018-11-15 18:21:04.143564"], ["updated_at", "2018-11-15 18:21:04.143564"]]
  ↳ bin/rails:9
  [1m[35m (0.4ms)[0m  [1m[35mCOMMIT[0m
  ↳ bin/rails:9
  [1m[35m (0.2ms)[0m  [1m[34mSELECT pg_advisory_unlock(6582489708232696860)[0m
  ↳ bin/rails:9
  [1m[35m (0.5ms)[0m  [1m[34mSELECT "schema_migrations"."version" FROM "schema_migrations" ORDER BY "schema_migrations"."version" ASC[0m
  ↳ bin/rails:9
  [1m[35m (0.7ms)[0m  [1m[34mSELECT "schema_migrations"."version" FROM "schema_migrations" ORDER BY "schema_migrations"."version" ASC[0m
  ↳ /Users/jaynips/.rbenv/versions/2.5.0/bin/annotate:23
Started GET "/" for 127.0.0.1 at 2018-11-15 13:35:37 -0800
  [1m[35m (0.7ms)[0m  [1m[34mSELECT "schema_migrations"."version" FROM "schema_migrations" ORDER BY "schema_migrations"."version" ASC[0m
  ↳ /Users/jaynips/.rbenv/versions/2.5.0/lib/ruby/gems/2.5.0/gems/activerecord-5.2.1/lib/active_record/log_subscriber.rb:98
Processing by Rails::WelcomeController#index as HTML
  Rendering /Users/jaynips/.rbenv/versions/2.5.0/lib/ruby/gems/2.5.0/gems/railties-5.2.1/lib/rails/templates/rails/welcome/index.html.erb
  Rendered /Users/jaynips/.rbenv/versions/2.5.0/lib/ruby/gems/2.5.0/gems/railties-5.2.1/lib/rails/templates/rails/welcome/index.html.erb (3.4ms)
Completed 200 OK in 37ms (Views: 26.9ms | ActiveRecord: 0.0ms)


Started GET "/users/new" for 127.0.0.1 at 2018-11-15 13:35:43 -0800
Processing by UsersController#new as HTML
  Rendering users/new.html.erb within layouts/application
  Rendered users/new.html.erb within layouts/application (0.5ms)
Completed 200 OK in 205ms (Views: 204.3ms | ActiveRecord: 0.0ms)


Started GET "/users/create" for 127.0.0.1 at 2018-11-15 13:36:03 -0800
Processing by UsersController#show as HTML
  Parameters: {"id"=>"create"}
  Rendering users/show.html.erb within layouts/application
  Rendered users/show.html.erb within layouts/application (0.3ms)
Completed 200 OK in 18ms (Views: 13.7ms | ActiveRecord: 0.0ms)


Started GET "/users/create" for 127.0.0.1 at 2018-11-15 13:37:18 -0800
Processing by UsersController#show as HTML
  Parameters: {"id"=>"create"}
  Rendering users/show.html.erb within layouts/application
  Rendered users/show.html.erb within layouts/application (0.3ms)
Completed 200 OK in 16ms (Views: 13.3ms | ActiveRecord: 0.0ms)


  [1m[36mUser Load (0.7ms)[0m  [1m[34mSELECT "users".* FROM "users"[0m
Started GET "/users/create" for 127.0.0.1 at 2018-11-15 13:56:39 -0800
Processing by UsersController#show as HTML
  Parameters: {"id"=>"create"}
  Rendering users/show.html.erb within layouts/application
  Rendered users/show.html.erb within layouts/application (0.2ms)
Completed 200 OK in 23ms (Views: 21.0ms | ActiveRecord: 0.0ms)


Started GET "/users/new" for 127.0.0.1 at 2018-11-15 13:56:47 -0800
Processing by UsersController#new as HTML
  Rendering users/new.html.erb within layouts/application
  Rendered users/new.html.erb within layouts/application (0.6ms)
Completed 200 OK in 14ms (Views: 13.5ms | ActiveRecord: 0.0ms)


Started GET "/users/new" for 127.0.0.1 at 2018-11-15 13:57:06 -0800
Processing by UsersController#new as HTML
  Rendering users/new.html.erb within layouts/application
  Rendered users/new.html.erb within layouts/application (0.4ms)
Completed 200 OK in 14ms (Views: 13.7ms | ActiveRecord: 0.0ms)


Started POST "/users" for 127.0.0.1 at 2018-11-15 13:57:14 -0800
Processing by UsersController#create as HTML
  Parameters: {"user"=>{"email"=>"josh@josh.com", "password"=>"[FILTERED]"}}
Can't verify CSRF token authenticity.
Completed 422 Unprocessable Entity in 0ms (ActiveRecord: 0.0ms)


  
ActionController::InvalidAuthenticityToken (ActionController::InvalidAuthenticityToken):
  
actionpack (5.2.1) lib/action_controller/metal/request_forgery_protection.rb:211:in `handle_unverified_request'
actionpack (5.2.1) lib/action_controller/metal/request_forgery_protection.rb:243:in `handle_unverified_request'
actionpack (5.2.1) lib/action_controller/metal/request_forgery_protection.rb:238:in `verify_authenticity_token'
activesupport (5.2.1) lib/active_support/callbacks.rb:426:in `block in make_lambda'
activesupport (5.2.1) lib/active_support/callbacks.rb:198:in `block (2 levels) in halting'
actionpack (5.2.1) lib/abstract_controller/callbacks.rb:34:in `block (2 levels) in <module:Callbacks>'
activesupport (5.2.1) lib/active_support/callbacks.rb:199:in `block in halting'
activesupport (5.2.1) lib/active_support/callbacks.rb:513:in `block in invoke_before'
activesupport (5.2.1) lib/active_support/callbacks.rb:513:in `each'
activesupport (5.2.1) lib/active_support/callbacks.rb:513:in `invoke_before'
activesupport (5.2.1) lib/active_support/callbacks.rb:131:in `run_callbacks'
actionpack (5.2.1) lib/abstract_controller/callbacks.rb:41:in `process_action'
actionpack (5.2.1) lib/action_controller/metal/rescue.rb:22:in `process_action'
actionpack (5.2.1) lib/action_controller/metal/instrumentation.rb:34:in `block in process_action'
activesupport (5.2.1) lib/active_support/notifications.rb:168:in `block in instrument'
activesupport (5.2.1) lib/active_support/notifications/instrumenter.rb:23:in `instrument'
activesupport (5.2.1) lib/active_support/notifications.rb:168:in `instrument'
actionpack (5.2.1) lib/action_controller/metal/instrumentation.rb:32:in `process_action'
actionpack (5.2.1) lib/action_controller/metal/params_wrapper.rb:256:in `process_action'
activerecord (5.2.1) lib/active_record/railties/controller_runtime.rb:24:in `process_action'
actionpack (5.2.1) lib/abstract_controller/base.rb:134:in `process'
actionview (5.2.1) lib/action_view/rendering.rb:32:in `process'
actionpack (5.2.1) lib/action_controller/metal.rb:191:in `dispatch'
actionpack (5.2.1) lib/action_controller/metal.rb:252:in `dispatch'
actionpack (5.2.1) lib/action_dispatch/routing/route_set.rb:52:in `dispatch'
actionpack (5.2.1) lib/action_dispatch/routing/route_set.rb:34:in `serve'
actionpack (5.2.1) lib/action_dispatch/journey/router.rb:52:in `block in serve'
actionpack (5.2.1) lib/action_dispatch/journey/router.rb:35:in `each'
actionpack (5.2.1) lib/action_dispatch/journey/router.rb:35:in `serve'
actionpack (5.2.1) lib/action_dispatch/routing/route_set.rb:840:in `call'
rack (2.0.6) lib/rack/tempfile_reaper.rb:15:in `call'
rack (2.0.6) lib/rack/etag.rb:25:in `call'
rack (2.0.6) lib/rack/conditional_get.rb:38:in `call'
rack (2.0.6) lib/rack/head.rb:12:in `call'
actionpack (5.2.1) lib/action_dispatch/http/content_security_policy.rb:18:in `call'
rack (2.0.6) lib/rack/session/abstract/id.rb:232:in `context'
rack (2.0.6) lib/rack/session/abstract/id.rb:226:in `call'
actionpack (5.2.1) lib/action_dispatch/middleware/cookies.rb:670:in `call'
activerecord (5.2.1) lib/active_record/migration.rb:559:in `call'
actionpack (5.2.1) lib/action_dispatch/middleware/callbacks.rb:28:in `block in call'
activesupport (5.2.1) lib/active_support/callbacks.rb:98:in `run_callbacks'
actionpack (5.2.1) lib/action_dispatch/middleware/callbacks.rb:26:in `call'
actionpack (5.2.1) lib/action_dispatch/middleware/executor.rb:14:in `call'
actionpack (5.2.1) lib/action_dispatch/middleware/debug_exceptions.rb:61:in `call'
web-console (3.7.0) lib/web_console/middleware.rb:135:in `call_app'
web-console (3.7.0) lib/web_console/middleware.rb:30:in `block in call'
web-console (3.7.0) lib/web_console/middleware.rb:20:in `catch'
web-console (3.7.0) lib/web_console/middleware.rb:20:in `call'
actionpack (5.2.1) lib/action_dispatch/middleware/show_exceptions.rb:33:in `call'
railties (5.2.1) lib/rails/rack/logger.rb:38:in `call_app'
railties (5.2.1) lib/rails/rack/logger.rb:26:in `block in call'
activesupport (5.2.1) lib/active_support/tagged_logging.rb:71:in `block in tagged'
activesupport (5.2.1) lib/active_support/tagged_logging.rb:28:in `tagged'
activesupport (5.2.1) lib/active_support/tagged_logging.rb:71:in `tagged'
railties (5.2.1) lib/rails/rack/logger.rb:26:in `call'
sprockets-rails (3.2.1) lib/sprockets/rails/quiet_assets.rb:13:in `call'
actionpack (5.2.1) lib/action_dispatch/middleware/remote_ip.rb:81:in `call'
actionpack (5.2.1) lib/action_dispatch/middleware/request_id.rb:27:in `call'
rack (2.0.6) lib/rack/method_override.rb:22:in `call'
rack (2.0.6) lib/rack/runtime.rb:22:in `call'
activesupport (5.2.1) lib/active_support/cache/strategy/local_cache_middleware.rb:29:in `call'
actionpack (5.2.1) lib/action_dispatch/middleware/executor.rb:14:in `call'
actionpack (5.2.1) lib/action_dispatch/middleware/static.rb:127:in `call'
rack (2.0.6) lib/rack/sendfile.rb:111:in `call'
railties (5.2.1) lib/rails/engine.rb:524:in `call'
puma (3.12.0) lib/puma/configuration.rb:225:in `call'
puma (3.12.0) lib/puma/server.rb:658:in `handle_request'
puma (3.12.0) lib/puma/server.rb:472:in `process_client'
puma (3.12.0) lib/puma/server.rb:332:in `block in run'
puma (3.12.0) lib/puma/thread_pool.rb:133:in `block in spawn_thread'
Started POST "/users" for 127.0.0.1 at 2018-11-15 13:58:45 -0800
Processing by UsersController#create as HTML
  Parameters: {"user"=>{"email"=>"josh@josh.com", "password"=>"[FILTERED]"}}
Can't verify CSRF token authenticity.
Completed 422 Unprocessable Entity in 0ms (ActiveRecord: 0.0ms)


  
ActionController::InvalidAuthenticityToken (ActionController::InvalidAuthenticityToken):
  
actionpack (5.2.1) lib/action_controller/metal/request_forgery_protection.rb:211:in `handle_unverified_request'
actionpack (5.2.1) lib/action_controller/metal/request_forgery_protection.rb:243:in `handle_unverified_request'
actionpack (5.2.1) lib/action_controller/metal/request_forgery_protection.rb:238:in `verify_authenticity_token'
activesupport (5.2.1) lib/active_support/callbacks.rb:426:in `block in make_lambda'
activesupport (5.2.1) lib/active_support/callbacks.rb:198:in `block (2 levels) in halting'
actionpack (5.2.1) lib/abstract_controller/callbacks.rb:34:in `block (2 levels) in <module:Callbacks>'
activesupport (5.2.1) lib/active_support/callbacks.rb:199:in `block in halting'
activesupport (5.2.1) lib/active_support/callbacks.rb:513:in `block in invoke_before'
activesupport (5.2.1) lib/active_support/callbacks.rb:513:in `each'
activesupport (5.2.1) lib/active_support/callbacks.rb:513:in `invoke_before'
activesupport (5.2.1) lib/active_support/callbacks.rb:131:in `run_callbacks'
actionpack (5.2.1) lib/abstract_controller/callbacks.rb:41:in `process_action'
actionpack (5.2.1) lib/action_controller/metal/rescue.rb:22:in `process_action'
actionpack (5.2.1) lib/action_controller/metal/instrumentation.rb:34:in `block in process_action'
activesupport (5.2.1) lib/active_support/notifications.rb:168:in `block in instrument'
activesupport (5.2.1) lib/active_support/notifications/instrumenter.rb:23:in `instrument'
activesupport (5.2.1) lib/active_support/notifications.rb:168:in `instrument'
actionpack (5.2.1) lib/action_controller/metal/instrumentation.rb:32:in `process_action'
actionpack (5.2.1) lib/action_controller/metal/params_wrapper.rb:256:in `process_action'
activerecord (5.2.1) lib/active_record/railties/controller_runtime.rb:24:in `process_action'
actionpack (5.2.1) lib/abstract_controller/base.rb:134:in `process'
actionview (5.2.1) lib/action_view/rendering.rb:32:in `process'
actionpack (5.2.1) lib/action_controller/metal.rb:191:in `dispatch'
actionpack (5.2.1) lib/action_controller/metal.rb:252:in `dispatch'
actionpack (5.2.1) lib/action_dispatch/routing/route_set.rb:52:in `dispatch'
actionpack (5.2.1) lib/action_dispatch/routing/route_set.rb:34:in `serve'
actionpack (5.2.1) lib/action_dispatch/journey/router.rb:52:in `block in serve'
actionpack (5.2.1) lib/action_dispatch/journey/router.rb:35:in `each'
actionpack (5.2.1) lib/action_dispatch/journey/router.rb:35:in `serve'
actionpack (5.2.1) lib/action_dispatch/routing/route_set.rb:840:in `call'
rack (2.0.6) lib/rack/tempfile_reaper.rb:15:in `call'
rack (2.0.6) lib/rack/etag.rb:25:in `call'
rack (2.0.6) lib/rack/conditional_get.rb:38:in `call'
rack (2.0.6) lib/rack/head.rb:12:in `call'
actionpack (5.2.1) lib/action_dispatch/http/content_security_policy.rb:18:in `call'
rack (2.0.6) lib/rack/session/abstract/id.rb:232:in `context'
rack (2.0.6) lib/rack/session/abstract/id.rb:226:in `call'
actionpack (5.2.1) lib/action_dispatch/middleware/cookies.rb:670:in `call'
activerecord (5.2.1) lib/active_record/migration.rb:559:in `call'
actionpack (5.2.1) lib/action_dispatch/middleware/callbacks.rb:28:in `block in call'
activesupport (5.2.1) lib/active_support/callbacks.rb:98:in `run_callbacks'
actionpack (5.2.1) lib/action_dispatch/middleware/callbacks.rb:26:in `call'
actionpack (5.2.1) lib/action_dispatch/middleware/executor.rb:14:in `call'
actionpack (5.2.1) lib/action_dispatch/middleware/debug_exceptions.rb:61:in `call'
web-console (3.7.0) lib/web_console/middleware.rb:135:in `call_app'
web-console (3.7.0) lib/web_console/middleware.rb:30:in `block in call'
web-console (3.7.0) lib/web_console/middleware.rb:20:in `catch'
web-console (3.7.0) lib/web_console/middleware.rb:20:in `call'
actionpack (5.2.1) lib/action_dispatch/middleware/show_exceptions.rb:33:in `call'
railties (5.2.1) lib/rails/rack/logger.rb:38:in `call_app'
railties (5.2.1) lib/rails/rack/logger.rb:26:in `block in call'
activesupport (5.2.1) lib/active_support/tagged_logging.rb:71:in `block in tagged'
activesupport (5.2.1) lib/active_support/tagged_logging.rb:28:in `tagged'
activesupport (5.2.1) lib/active_support/tagged_logging.rb:71:in `tagged'
railties (5.2.1) lib/rails/rack/logger.rb:26:in `call'
sprockets-rails (3.2.1) lib/sprockets/rails/quiet_assets.rb:13:in `call'
actionpack (5.2.1) lib/action_dispatch/middleware/remote_ip.rb:81:in `call'
actionpack (5.2.1) lib/action_dispatch/middleware/request_id.rb:27:in `call'
rack (2.0.6) lib/rack/method_override.rb:22:in `call'
rack (2.0.6) lib/rack/runtime.rb:22:in `call'
activesupport (5.2.1) lib/active_support/cache/strategy/local_cache_middleware.rb:29:in `call'
actionpack (5.2.1) lib/action_dispatch/middleware/executor.rb:14:in `call'
actionpack (5.2.1) lib/action_dispatch/middleware/static.rb:127:in `call'
rack (2.0.6) lib/rack/sendfile.rb:111:in `call'
railties (5.2.1) lib/rails/engine.rb:524:in `call'
puma (3.12.0) lib/puma/configuration.rb:225:in `call'
puma (3.12.0) lib/puma/server.rb:658:in `handle_request'
puma (3.12.0) lib/puma/server.rb:472:in `process_client'
puma (3.12.0) lib/puma/server.rb:332:in `block in run'
puma (3.12.0) lib/puma/thread_pool.rb:133:in `block in spawn_thread'
Started GET "/users/create" for 127.0.0.1 at 2018-11-15 13:58:51 -0800
Processing by UsersController#show as HTML
  Parameters: {"id"=>"create"}
  Rendering users/show.html.erb within layouts/application
  Rendered users/show.html.erb within layouts/application (0.4ms)
Completed 200 OK in 20ms (Views: 17.6ms | ActiveRecord: 0.0ms)


Started GET "/users/new" for 127.0.0.1 at 2018-11-15 13:58:54 -0800
Processing by UsersController#new as HTML
  Rendering users/new.html.erb within layouts/application
  Rendered users/new.html.erb within layouts/application (0.7ms)
Completed 200 OK in 18ms (Views: 18.1ms | ActiveRecord: 0.0ms)


Started GET "/users/new" for 127.0.0.1 at 2018-11-15 13:58:56 -0800
Processing by UsersController#new as HTML
  Rendering users/new.html.erb within layouts/application
  Rendered users/new.html.erb within layouts/application (0.8ms)
Completed 200 OK in 17ms (Views: 16.8ms | ActiveRecord: 0.0ms)


Started POST "/users" for 127.0.0.1 at 2018-11-15 13:59:09 -0800
Processing by UsersController#create as HTML
  Parameters: {"authenticity_token"=>"gVtK2VDWzYPfIH5Xj/vziXDYJd+wCviN8/rm4Vg5IoV9adByHuSCfNYUTZbpXhw+bFcAf6nVHY6uCDaIXJ5biw==", "user"=>{"email"=>"josh@josh.com", "password"=>"[FILTERED]"}}
Completed 500 Internal Server Error in 37ms (ActiveRecord: 8.7ms)


  
NameError (uninitialized constant User::BCrypt):
  
app/models/user.rb:41:in `password='
app/controllers/users_controller.rb:7:in `create'
Started GET "/users/new" for 127.0.0.1 at 2018-11-15 13:59:56 -0800
  [1m[35m (0.8ms)[0m  [1m[34mSELECT "schema_migrations"."version" FROM "schema_migrations" ORDER BY "schema_migrations"."version" ASC[0m
  ↳ /Users/jaynips/.rbenv/versions/2.5.0/lib/ruby/gems/2.5.0/gems/activerecord-5.2.1/lib/active_record/log_subscriber.rb:98
Processing by UsersController#new as HTML
  Rendering users/new.html.erb within layouts/application
  Rendered users/new.html.erb within layouts/application (0.7ms)
Completed 200 OK in 171ms (Views: 165.5ms | ActiveRecord: 0.0ms)


Started POST "/users" for 127.0.0.1 at 2018-11-15 14:00:04 -0800
Processing by UsersController#create as HTML
  Parameters: {"authenticity_token"=>"YlAT5EfZUTLKzBVNmLa5DCad7BuCd8P88KxwpnVhwpqeYolPCesezcP4Joz+E1a7OhLJu5uoJv+tXqDPcca7lA==", "user"=>{"email"=>"josh@josh.com", "password"=>"[FILTERED]"}}
  [1m[35m (0.2ms)[0m  [1m[35mBEGIN[0m
  ↳ app/controllers/users_controller.rb:9
  [1m[35m (0.2ms)[0m  [1m[31mROLLBACK[0m
  ↳ app/controllers/users_controller.rb:9
Completed 500 Internal Server Error in 73ms (ActiveRecord: 8.2ms)


  
SystemStackError (stack level too deep):
  
app/models/user.rb:31:in `reset_session_token!'
app/models/user.rb:31:in `reset_session_token!'
app/models/user.rb:31:in `reset_session_token!'
app/models/user.rb:31:in `reset_session_token!'
app/models/user.rb:31:in `reset_session_token!'
app/models/user.rb:31:in `reset_session_token!'
app/models/user.rb:31:in `reset_session_token!'
app/models/user.rb:31:in `reset_session_token!'
app/models/user.rb:31:in `reset_session_token!'
app/models/user.rb:31:in `reset_session_token!'
app/models/user.rb:31:in `reset_session_token!'
app/models/user.rb:31:in `reset_session_token!'
app/models/user.rb:31:in `reset_session_token!'
app/models/user.rb:31:in `reset_session_token!'
app/models/user.rb:31:in `reset_session_token!'
app/models/user.rb:31:in `reset_session_token!'
app/models/user.rb:31:in `reset_session_token!'
app/models/user.rb:31:in `reset_session_token!'
app/models/user.rb:31:in `reset_session_token!'
app/models/user.rb:31:in `reset_session_token!'
app/models/user.rb:31:in `reset_session_token!'
app/models/user.rb:31:in `reset_session_token!'
app/models/user.rb:31:in `reset_session_token!'
app/models/user.rb:31:in `reset_session_token!'
app/models/user.rb:31:in `reset_session_token!'
app/models/user.rb:31:in `reset_session_token!'
app/models/user.rb:31:in `reset_session_token!'
app/models/user.rb:31:in `reset_session_token!'
app/models/user.rb:31:in `reset_session_token!'
app/models/user.rb:31:in `reset_session_token!'
app/models/user.rb:31:in `reset_session_token!'
app/models/user.rb:31:in `reset_session_token!'
app/models/user.rb:31:in `reset_session_token!'
app/models/user.rb:31:in `reset_session_token!'
app/models/user.rb:31:in `reset_session_token!'
app/models/user.rb:31:in `reset_session_token!'
app/models/user.rb:31:in `reset_session_token!'
app/models/user.rb:31:in `reset_session_token!'
app/models/user.rb:31:in `reset_session_token!'
app/models/user.rb:31:in `reset_session_token!'
app/models/user.rb:31:in `reset_session_token!'
app/models/user.rb:31:in `reset_session_token!'
app/models/user.rb:31:in `reset_session_token!'
app/models/user.rb:31:in `reset_session_token!'
app/models/user.rb:31:in `reset_session_token!'
app/models/user.rb:31:in `reset_session_token!'
app/models/user.rb:31:in `reset_session_token!'
app/models/user.rb:31:in `reset_session_token!'
app/models/user.rb:31:in `reset_session_token!'
app/models/user.rb:31:in `reset_session_token!'
app/models/user.rb:31:in `reset_session_token!'
app/models/user.rb:31:in `reset_session_token!'
app/models/user.rb:31:in `reset_session_token!'
app/models/user.rb:31:in `reset_session_token!'
app/models/user.rb:31:in `reset_session_token!'
app/models/user.rb:31:in `reset_session_token!'
app/models/user.rb:31:in `reset_session_token!'
app/models/user.rb:31:in `reset_session_token!'
app/models/user.rb:31:in `reset_session_token!'
app/models/user.rb:31:in `reset_session_token!'
app/models/user.rb:31:in `reset_session_token!'
app/models/user.rb:31:in `reset_session_token!'
app/models/user.rb:31:in `reset_session_token!'
app/models/user.rb:31:in `reset_session_token!'
app/models/user.rb:31:in `reset_session_token!'
app/models/user.rb:31:in `reset_session_token!'
app/models/user.rb:31:in `reset_session_token!'
app/models/user.rb:31:in `reset_session_token!'
app/models/user.rb:31:in `reset_session_token!'
app/models/user.rb:31:in `reset_session_token!'
app/models/user.rb:31:in `reset_session_token!'
app/models/user.rb:31:in `reset_session_token!'
app/models/user.rb:31:in `reset_session_token!'
app/models/user.rb:31:in `reset_session_token!'
app/models/user.rb:31:in `reset_session_token!'
app/models/user.rb:31:in `reset_session_token!'
app/models/user.rb:31:in `reset_session_token!'
app/models/user.rb:31:in `reset_session_token!'
app/models/user.rb:31:in `reset_session_token!'
app/models/user.rb:31:in `reset_session_token!'
app/models/user.rb:31:in `reset_session_token!'
app/models/user.rb:31:in `reset_session_token!'
app/models/user.rb:31:in `reset_session_token!'
app/models/user.rb:31:in `reset_session_token!'
app/models/user.rb:31:in `reset_session_token!'
app/models/user.rb:31:in `reset_session_token!'
app/models/user.rb:31:in `reset_session_token!'
app/models/user.rb:31:in `reset_session_token!'
app/models/user.rb:31:in `reset_session_token!'
app/models/user.rb:31:in `reset_session_token!'
app/models/user.rb:31:in `reset_session_token!'
app/models/user.rb:31:in `reset_session_token!'
app/models/user.rb:31:in `reset_session_token!'
app/models/user.rb:31:in `reset_session_token!'
app/models/user.rb:31:in `reset_session_token!'
app/models/user.rb:31:in `reset_session_token!'
app/models/user.rb:31:in `reset_session_token!'
app/models/user.rb:31:in `reset_session_token!'
app/models/user.rb:31:in `reset_session_token!'
app/models/user.rb:31:in `reset_session_token!'
app/models/user.rb:31:in `reset_session_token!'
app/models/user.rb:31:in `reset_session_token!'
app/models/user.rb:31:in `reset_session_token!'
app/models/user.rb:31:in `reset_session_token!'
app/models/user.rb:31:in `reset_session_token!'
app/controllers/users_controller.rb:9:in `create'
Started GET "/users/new" for 127.0.0.1 at 2018-11-15 14:02:14 -0800
Started GET "/users/new" for 127.0.0.1 at 2018-11-15 14:02:24 -0800
Processing by UsersController#new as HTML
  Rendering users/new.html.erb within layouts/application
  Rendered users/new.html.erb within layouts/application (0.4ms)
Completed 200 OK in 15ms (Views: 14.2ms | ActiveRecord: 0.0ms)


Processing by UsersController#new as HTML
  Rendering users/new.html.erb within layouts/application
  Rendered users/new.html.erb within layouts/application (0.2ms)
Completed 200 OK in 15ms (Views: 14.3ms | ActiveRecord: 0.0ms)


Started POST "/users" for 127.0.0.1 at 2018-11-15 14:02:37 -0800
Processing by UsersController#create as HTML
  Parameters: {"authenticity_token"=>"KR683nWVlB97zgCNTBNtRBQDSOe9e1D9W2CEkX5KwN3VLCZ1O6fb4HL6M0wqtoLzCIxtR6Sktf4GklT4eu250w==", "user"=>{"email"=>"josh@josh.com", "password"=>"[FILTERED]"}}
  [1m[35m (0.2ms)[0m  [1m[35mBEGIN[0m
  ↳ app/controllers/users_controller.rb:9
  [1m[36mUser Exists (0.9ms)[0m  [1m[34mSELECT  1 AS one FROM "users" WHERE "users"."email" = $1 LIMIT $2[0m  [["email", "josh@josh.com"], ["LIMIT", 1]]
  ↳ app/controllers/users_controller.rb:9
  [1m[36mUser Exists (0.3ms)[0m  [1m[34mSELECT  1 AS one FROM "users" WHERE "users"."session_token" = $1 LIMIT $2[0m  [["session_token", "Bm5I_XKLpnuUtPKBP9ASYQ"], ["LIMIT", 1]]
  ↳ app/controllers/users_controller.rb:9
  [1m[36mUser Create (3.1ms)[0m  [1m[32mINSERT INTO "users" ("email", "password_digest", "session_token", "created_at", "updated_at") VALUES ($1, $2, $3, $4, $5) RETURNING "id"[0m  [["email", "josh@josh.com"], ["password_digest", "$2a$10$R8WV4/xCR95ha0gTXcfKXu8uOKkJObqbPGxeUh2Pia42KorTe2qZq"], ["session_token", "Bm5I_XKLpnuUtPKBP9ASYQ"], ["created_at", "2018-11-15 22:02:37.113748"], ["updated_at", "2018-11-15 22:02:37.113748"]]
  ↳ app/controllers/users_controller.rb:9
  [1m[35m (0.5ms)[0m  [1m[35mCOMMIT[0m
  ↳ app/controllers/users_controller.rb:9
  [1m[35m (0.1ms)[0m  [1m[35mBEGIN[0m
  ↳ app/models/user.rb:31
  [1m[36mUser Exists (0.3ms)[0m  [1m[34mSELECT  1 AS one FROM "users" WHERE "users"."email" = $1 AND "users"."id" != $2 LIMIT $3[0m  [["email", "josh@josh.com"], ["id", 1], ["LIMIT", 1]]
  ↳ app/models/user.rb:31
  [1m[36mUser Exists (0.2ms)[0m  [1m[34mSELECT  1 AS one FROM "users" WHERE "users"."session_token" = $1 AND "users"."id" != $2 LIMIT $3[0m  [["session_token", "bLZn0tdsdobgW7QGmwKDig"], ["id", 1], ["LIMIT", 1]]
  ↳ app/models/user.rb:31
  [1m[36mUser Update (0.4ms)[0m  [1m[33mUPDATE "users" SET "session_token" = $1, "updated_at" = $2 WHERE "users"."id" = $3[0m  [["session_token", "bLZn0tdsdobgW7QGmwKDig"], ["updated_at", "2018-11-15 22:02:37.120861"], ["id", 1]]
  ↳ app/models/user.rb:31
  [1m[35m (0.4ms)[0m  [1m[35mCOMMIT[0m
  ↳ app/models/user.rb:31
Redirected to http://localhost:3000/users/1
Completed 302 Found in 77ms (ActiveRecord: 10.9ms)


Started GET "/users/1" for 127.0.0.1 at 2018-11-15 14:02:37 -0800
Processing by UsersController#show as HTML
  Parameters: {"id"=>"1"}
  Rendering users/show.html.erb within layouts/application
  Rendered users/show.html.erb within layouts/application (0.2ms)
Completed 200 OK in 13ms (Views: 11.7ms | ActiveRecord: 0.0ms)


  [1m[36mUser Load (0.4ms)[0m  [1m[34mSELECT "users".* FROM "users"[0m
Started GET "/users/index" for 127.0.0.1 at 2018-11-15 14:03:04 -0800
Processing by UsersController#show as HTML
  Parameters: {"id"=>"index"}
  Rendering users/show.html.erb within layouts/application
  Rendered users/show.html.erb within layouts/application (0.3ms)
Completed 200 OK in 20ms (Views: 17.6ms | ActiveRecord: 0.0ms)


Started GET "/users" for 127.0.0.1 at 2018-11-15 14:03:50 -0800
  
AbstractController::ActionNotFound (The action 'index' could not be found for UsersController):
  
actionpack (5.2.1) lib/abstract_controller/base.rb:129:in `process'
actionview (5.2.1) lib/action_view/rendering.rb:32:in `process'
actionpack (5.2.1) lib/action_controller/metal.rb:191:in `dispatch'
actionpack (5.2.1) lib/action_controller/metal.rb:252:in `dispatch'
actionpack (5.2.1) lib/action_dispatch/routing/route_set.rb:52:in `dispatch'
actionpack (5.2.1) lib/action_dispatch/routing/route_set.rb:34:in `serve'
actionpack (5.2.1) lib/action_dispatch/journey/router.rb:52:in `block in serve'
actionpack (5.2.1) lib/action_dispatch/journey/router.rb:35:in `each'
actionpack (5.2.1) lib/action_dispatch/journey/router.rb:35:in `serve'
actionpack (5.2.1) lib/action_dispatch/routing/route_set.rb:840:in `call'
rack (2.0.6) lib/rack/tempfile_reaper.rb:15:in `call'
rack (2.0.6) lib/rack/etag.rb:25:in `call'
rack (2.0.6) lib/rack/conditional_get.rb:25:in `call'
rack (2.0.6) lib/rack/head.rb:12:in `call'
actionpack (5.2.1) lib/action_dispatch/http/content_security_policy.rb:18:in `call'
rack (2.0.6) lib/rack/session/abstract/id.rb:232:in `context'
rack (2.0.6) lib/rack/session/abstract/id.rb:226:in `call'
actionpack (5.2.1) lib/action_dispatch/middleware/cookies.rb:670:in `call'
activerecord (5.2.1) lib/active_record/migration.rb:559:in `call'
actionpack (5.2.1) lib/action_dispatch/middleware/callbacks.rb:28:in `block in call'
activesupport (5.2.1) lib/active_support/callbacks.rb:98:in `run_callbacks'
actionpack (5.2.1) lib/action_dispatch/middleware/callbacks.rb:26:in `call'
actionpack (5.2.1) lib/action_dispatch/middleware/executor.rb:14:in `call'
actionpack (5.2.1) lib/action_dispatch/middleware/debug_exceptions.rb:61:in `call'
web-console (3.7.0) lib/web_console/middleware.rb:135:in `call_app'
web-console (3.7.0) lib/web_console/middleware.rb:30:in `block in call'
web-console (3.7.0) lib/web_console/middleware.rb:20:in `catch'
web-console (3.7.0) lib/web_console/middleware.rb:20:in `call'
actionpack (5.2.1) lib/action_dispatch/middleware/show_exceptions.rb:33:in `call'
railties (5.2.1) lib/rails/rack/logger.rb:38:in `call_app'
railties (5.2.1) lib/rails/rack/logger.rb:26:in `block in call'
activesupport (5.2.1) lib/active_support/tagged_logging.rb:71:in `block in tagged'
activesupport (5.2.1) lib/active_support/tagged_logging.rb:28:in `tagged'
activesupport (5.2.1) lib/active_support/tagged_logging.rb:71:in `tagged'
railties (5.2.1) lib/rails/rack/logger.rb:26:in `call'
sprockets-rails (3.2.1) lib/sprockets/rails/quiet_assets.rb:13:in `call'
actionpack (5.2.1) lib/action_dispatch/middleware/remote_ip.rb:81:in `call'
actionpack (5.2.1) lib/action_dispatch/middleware/request_id.rb:27:in `call'
rack (2.0.6) lib/rack/method_override.rb:22:in `call'
rack (2.0.6) lib/rack/runtime.rb:22:in `call'
activesupport (5.2.1) lib/active_support/cache/strategy/local_cache_middleware.rb:29:in `call'
actionpack (5.2.1) lib/action_dispatch/middleware/executor.rb:14:in `call'
actionpack (5.2.1) lib/action_dispatch/middleware/static.rb:127:in `call'
rack (2.0.6) lib/rack/sendfile.rb:111:in `call'
railties (5.2.1) lib/rails/engine.rb:524:in `call'
puma (3.12.0) lib/puma/configuration.rb:225:in `call'
puma (3.12.0) lib/puma/server.rb:658:in `handle_request'
puma (3.12.0) lib/puma/server.rb:472:in `process_client'
puma (3.12.0) lib/puma/server.rb:332:in `block in run'
puma (3.12.0) lib/puma/thread_pool.rb:133:in `block in spawn_thread'
Started GET "/users/1/" for 127.0.0.1 at 2018-11-15 14:13:46 -0800
Processing by UsersController#show as HTML
  Parameters: {"id"=>"1"}
  Rendering users/show.html.erb within layouts/application
  Rendered users/show.html.erb within layouts/application (0.2ms)
Completed 200 OK in 15ms (Views: 12.1ms | ActiveRecord: 0.0ms)


Started GET "/session/new" for 127.0.0.1 at 2018-11-15 14:14:51 -0800
Processing by SessionsController#new as HTML
  Rendering sessions/new.html.erb within layouts/application
  Rendered sessions/new.html.erb within layouts/application (0.7ms)
Completed 200 OK in 22ms (Views: 21.6ms | ActiveRecord: 0.0ms)


Started GET "/session/new" for 127.0.0.1 at 2018-11-15 14:16:18 -0800
Processing by SessionsController#new as HTML
  Rendering sessions/new.html.erb within layouts/application
  Rendered sessions/new.html.erb within layouts/application (0.5ms)
Completed 200 OK in 16ms (Views: 15.0ms | ActiveRecord: 0.0ms)


Started POST "/session" for 127.0.0.1 at 2018-11-15 14:16:24 -0800
Processing by SessionsController#create as HTML
  Parameters: {"authenticity_token"=>"qQF/HmgC2nz7weFAjYCY1hXbeTFG1QzCy0VnAuwSpXdVM+W1JjCVg/L10oHrJXdhCVRckV8K6cGWt7dr6LXceQ==", "user"=>{"email"=>"josh@josh.com", "password"=>"[FILTERED]"}}
  [1m[36mUser Load (0.6ms)[0m  [1m[34mSELECT  "users".* FROM "users" WHERE "users"."email" = $1 LIMIT $2[0m  [["email", "josh@josh.com"], ["LIMIT", 1]]
  ↳ app/models/user.rb:24
  Rendering sessions/new.html.erb within layouts/application
  Rendered sessions/new.html.erb within layouts/application (0.5ms)
Completed 200 OK in 88ms (Views: 12.6ms | ActiveRecord: 8.4ms)


Started POST "/session" for 127.0.0.1 at 2018-11-15 14:16:33 -0800
Processing by SessionsController#create as HTML
  Parameters: {"authenticity_token"=>"QYuR4rVfrBXb8vqD95+Ro7B20IgFgI5iTbQjKflsFm29uQtJ+23j6tLGyUKROn4UrPn1KBxfa2EQRvNA/ctvYw==", "user"=>{"email"=>"josh@josh.com", "password"=>"[FILTERED]"}}
  [1m[36mUser Load (0.3ms)[0m  [1m[34mSELECT  "users".* FROM "users" WHERE "users"."email" = $1 LIMIT $2[0m  [["email", "josh@josh.com"], ["LIMIT", 1]]
  ↳ app/models/user.rb:24
  [1m[35m (0.2ms)[0m  [1m[35mBEGIN[0m
  ↳ app/models/user.rb:31
  [1m[36mUser Exists (0.5ms)[0m  [1m[34mSELECT  1 AS one FROM "users" WHERE "users"."email" = $1 AND "users"."id" != $2 LIMIT $3[0m  [["email", "josh@josh.com"], ["id", 1], ["LIMIT", 1]]
  ↳ app/models/user.rb:31
  [1m[36mUser Exists (0.3ms)[0m  [1m[34mSELECT  1 AS one FROM "users" WHERE "users"."session_token" = $1 AND "users"."id" != $2 LIMIT $3[0m  [["session_token", "KaCSoMWMmWT_kyem--xPsw"], ["id", 1], ["LIMIT", 1]]
  ↳ app/models/user.rb:31
  [1m[36mUser Update (0.5ms)[0m  [1m[33mUPDATE "users" SET "session_token" = $1, "updated_at" = $2 WHERE "users"."id" = $3[0m  [["session_token", "KaCSoMWMmWT_kyem--xPsw"], ["updated_at", "2018-11-15 22:16:33.478001"], ["id", 1]]
  ↳ app/models/user.rb:31
  [1m[35m (0.9ms)[0m  [1m[35mCOMMIT[0m
  ↳ app/models/user.rb:31
Redirected to http://localhost:3000/users/1
Completed 302 Found in 59ms (ActiveRecord: 2.7ms)


Started GET "/users/1" for 127.0.0.1 at 2018-11-15 14:16:33 -0800
Processing by UsersController#show as HTML
  Parameters: {"id"=>"1"}
  Rendering users/show.html.erb within layouts/application
  Rendered users/show.html.erb within layouts/application (0.3ms)
Completed 200 OK in 14ms (Views: 11.4ms | ActiveRecord: 0.0ms)


Started GET "/users/1" for 127.0.0.1 at 2018-11-15 14:22:06 -0800
Processing by UsersController#show as HTML
  Parameters: {"id"=>"1"}
  Rendering users/show.html.erb within layouts/application
  Rendered users/show.html.erb within layouts/application (0.3ms)
Completed 200 OK in 22ms (Views: 18.9ms | ActiveRecord: 0.0ms)


Started GET "/users/1" for 127.0.0.1 at 2018-11-15 14:34:56 -0800
Processing by UsersController#show as HTML
  Parameters: {"id"=>"1"}
  Rendering users/show.html.erb within layouts/application
  Rendered users/show.html.erb within layouts/application (0.4ms)
Completed 200 OK in 25ms (Views: 23.1ms | ActiveRecord: 0.0ms)


Started GET "/users/1" for 127.0.0.1 at 2018-11-15 14:35:53 -0800
Processing by UsersController#show as HTML
  Parameters: {"id"=>"1"}
  Rendering users/show.html.erb within layouts/application
  Rendered users/show.html.erb within layouts/application (0.4ms)
Completed 200 OK in 16ms (Views: 14.4ms | ActiveRecord: 0.0ms)


Started GET "/users/1" for 127.0.0.1 at 2018-11-15 14:36:01 -0800
Processing by UsersController#show as HTML
  Parameters: {"id"=>"1"}
  Rendering users/show.html.erb within layouts/application
  Rendered users/show.html.erb within layouts/application (0.3ms)
Completed 200 OK in 18ms (Views: 15.7ms | ActiveRecord: 0.0ms)


Started GET "/users/1" for 127.0.0.1 at 2018-11-15 14:36:20 -0800
Processing by UsersController#show as HTML
  Parameters: {"id"=>"1"}
  Rendering users/show.html.erb within layouts/application
  Rendered users/show.html.erb within layouts/application (0.3ms)
Completed 200 OK in 16ms (Views: 14.1ms | ActiveRecord: 0.0ms)


Started GET "/users/1" for 127.0.0.1 at 2018-11-15 14:38:48 -0800
Processing by UsersController#show as HTML
  Parameters: {"id"=>"1"}
  Rendering users/show.html.erb within layouts/application
  Rendered users/show.html.erb within layouts/application (0.3ms)
  [1m[36mUser Load (0.6ms)[0m  [1m[34mSELECT  "users".* FROM "users" WHERE "users"."session_token" = $1 LIMIT $2[0m  [["session_token", "KaCSoMWMmWT_kyem--xPsw"], ["LIMIT", 1]]
  ↳ app/controllers/application_controller.rb:6
Completed 200 OK in 38ms (Views: 26.1ms | ActiveRecord: 9.6ms)


Started GET "/users/1" for 127.0.0.1 at 2018-11-15 14:54:34 -0800
Processing by UsersController#show as HTML
  Parameters: {"id"=>"1"}
  Rendering users/show.html.erb within layouts/application
  Rendered users/show.html.erb within layouts/application (0.5ms)
  [1m[36mUser Load (1.1ms)[0m  [1m[34mSELECT  "users".* FROM "users" WHERE "users"."session_token" = $1 LIMIT $2[0m  [["session_token", "KaCSoMWMmWT_kyem--xPsw"], ["LIMIT", 1]]
  ↳ app/controllers/application_controller.rb:6
Completed 200 OK in 24ms (Views: 20.9ms | ActiveRecord: 1.1ms)


Started GET "/users/1" for 127.0.0.1 at 2018-11-15 14:54:55 -0800
Processing by UsersController#show as HTML
  Parameters: {"id"=>"1"}
  Rendering users/show.html.erb within layouts/application
  Rendered users/show.html.erb within layouts/application (0.4ms)
  [1m[36mUser Load (0.4ms)[0m  [1m[34mSELECT  "users".* FROM "users" WHERE "users"."session_token" = $1 LIMIT $2[0m  [["session_token", "KaCSoMWMmWT_kyem--xPsw"], ["LIMIT", 1]]
  ↳ app/controllers/application_controller.rb:6
Completed 200 OK in 18ms (Views: 15.3ms | ActiveRecord: 0.4ms)


Started DELETE "/users" for 127.0.0.1 at 2018-11-15 14:54:56 -0800
  
ActionController::RoutingError (No route matches [DELETE] "/users"):
  
actionpack (5.2.1) lib/action_dispatch/middleware/debug_exceptions.rb:65:in `call'
web-console (3.7.0) lib/web_console/middleware.rb:135:in `call_app'
web-console (3.7.0) lib/web_console/middleware.rb:30:in `block in call'
web-console (3.7.0) lib/web_console/middleware.rb:20:in `catch'
web-console (3.7.0) lib/web_console/middleware.rb:20:in `call'
actionpack (5.2.1) lib/action_dispatch/middleware/show_exceptions.rb:33:in `call'
railties (5.2.1) lib/rails/rack/logger.rb:38:in `call_app'
railties (5.2.1) lib/rails/rack/logger.rb:26:in `block in call'
activesupport (5.2.1) lib/active_support/tagged_logging.rb:71:in `block in tagged'
activesupport (5.2.1) lib/active_support/tagged_logging.rb:28:in `tagged'
activesupport (5.2.1) lib/active_support/tagged_logging.rb:71:in `tagged'
railties (5.2.1) lib/rails/rack/logger.rb:26:in `call'
sprockets-rails (3.2.1) lib/sprockets/rails/quiet_assets.rb:13:in `call'
actionpack (5.2.1) lib/action_dispatch/middleware/remote_ip.rb:81:in `call'
actionpack (5.2.1) lib/action_dispatch/middleware/request_id.rb:27:in `call'
rack (2.0.6) lib/rack/method_override.rb:22:in `call'
rack (2.0.6) lib/rack/runtime.rb:22:in `call'
activesupport (5.2.1) lib/active_support/cache/strategy/local_cache_middleware.rb:29:in `call'
actionpack (5.2.1) lib/action_dispatch/middleware/executor.rb:14:in `call'
actionpack (5.2.1) lib/action_dispatch/middleware/static.rb:127:in `call'
rack (2.0.6) lib/rack/sendfile.rb:111:in `call'
railties (5.2.1) lib/rails/engine.rb:524:in `call'
puma (3.12.0) lib/puma/configuration.rb:225:in `call'
puma (3.12.0) lib/puma/server.rb:658:in `handle_request'
puma (3.12.0) lib/puma/server.rb:472:in `process_client'
puma (3.12.0) lib/puma/server.rb:332:in `block in run'
puma (3.12.0) lib/puma/thread_pool.rb:133:in `block in spawn_thread'
Started GET "/users/1" for 127.0.0.1 at 2018-11-15 14:55:21 -0800
Processing by UsersController#show as HTML
  Parameters: {"id"=>"1"}
  Rendering users/show.html.erb within layouts/application
  Rendered users/show.html.erb within layouts/application (0.5ms)
  [1m[36mUser Load (0.4ms)[0m  [1m[34mSELECT  "users".* FROM "users" WHERE "users"."session_token" = $1 LIMIT $2[0m  [["session_token", "KaCSoMWMmWT_kyem--xPsw"], ["LIMIT", 1]]
  ↳ app/controllers/application_controller.rb:6
Completed 200 OK in 16ms (Views: 14.0ms | ActiveRecord: 0.4ms)


Started DELETE "/session" for 127.0.0.1 at 2018-11-15 14:55:22 -0800
Processing by SessionsController#destroy as HTML
  Parameters: {"authenticity_token"=>"EXcygCrEqn34vq9+mjSrRUXWL6rccCz1dHC+w4bQroLtRagrZPblgvGKnL/8kUTyWVkKCsWvyfYpgm6qgnfXjA=="}
  [1m[36mUser Load (0.4ms)[0m  [1m[34mSELECT  "users".* FROM "users" WHERE "users"."session_token" = $1 LIMIT $2[0m  [["session_token", "KaCSoMWMmWT_kyem--xPsw"], ["LIMIT", 1]]
  ↳ app/controllers/application_controller.rb:6
  [1m[35m (0.2ms)[0m  [1m[35mBEGIN[0m
  ↳ app/models/user.rb:31
  [1m[36mUser Exists (0.5ms)[0m  [1m[34mSELECT  1 AS one FROM "users" WHERE "users"."email" = $1 AND "users"."id" != $2 LIMIT $3[0m  [["email", "josh@josh.com"], ["id", 1], ["LIMIT", 1]]
  ↳ app/models/user.rb:31
  [1m[36mUser Exists (0.3ms)[0m  [1m[34mSELECT  1 AS one FROM "users" WHERE "users"."session_token" = $1 AND "users"."id" != $2 LIMIT $3[0m  [["session_token", "tCt3Fi3kG3dFKF8KQv5oIQ"], ["id", 1], ["LIMIT", 1]]
  ↳ app/models/user.rb:31
  [1m[36mUser Update (0.5ms)[0m  [1m[33mUPDATE "users" SET "session_token" = $1, "updated_at" = $2 WHERE "users"."id" = $3[0m  [["session_token", "tCt3Fi3kG3dFKF8KQv5oIQ"], ["updated_at", "2018-11-15 22:55:22.883942"], ["id", 1]]
  ↳ app/models/user.rb:31
  [1m[35m (0.6ms)[0m  [1m[35mCOMMIT[0m
  ↳ app/models/user.rb:31
Redirected to http://localhost:3000/session/new
Completed 302 Found in 8ms (ActiveRecord: 2.5ms)


Started GET "/session/new" for 127.0.0.1 at 2018-11-15 14:55:22 -0800
Processing by SessionsController#new as HTML
  Rendering sessions/new.html.erb within layouts/application
  Rendered sessions/new.html.erb within layouts/application (0.7ms)
Completed 500 Internal Server Error in 18ms (ActiveRecord: 0.0ms)


  
ActionView::Template::Error (undefined method `email' for nil:NilClass):
    10:   </head>
    11:   <h1> Smoovements </h1>
    12:     <p>
    13:       Welcome <%= current_user.email %>
    14:     </p>
    15:   <body>
    16:     <%= yield %>
  
app/views/layouts/application.html.erb:13:in `_app_views_layouts_application_html_erb__2871337506741239799_70333533982520'
app/controllers/sessions_controller.rb:20:in `new'
Started GET "/session/new" for 127.0.0.1 at 2018-11-15 14:56:26 -0800
Processing by SessionsController#new as HTML
  Rendering sessions/new.html.erb within layouts/application
  Rendered sessions/new.html.erb within layouts/application (0.5ms)
Completed 200 OK in 15ms (Views: 14.4ms | ActiveRecord: 0.0ms)


Started POST "/session" for 127.0.0.1 at 2018-11-15 14:56:33 -0800
Processing by SessionsController#create as HTML
  Parameters: {"authenticity_token"=>"WQlN7300RWkomLR7d0wTywqT+AQVnSkYzPbL1p+56b+lO9dEMwYKliGsh7oR6fx8FhzdpAxCzBuRBBu/mx6QsQ==", "user"=>{"email"=>"josh@josh.com", "password"=>"[FILTERED]"}}
  [1m[36mUser Load (0.3ms)[0m  [1m[34mSELECT  "users".* FROM "users" WHERE "users"."email" = $1 LIMIT $2[0m  [["email", "josh@josh.com"], ["LIMIT", 1]]
  ↳ app/models/user.rb:24
  [1m[35m (0.2ms)[0m  [1m[35mBEGIN[0m
  ↳ app/models/user.rb:31
  [1m[36mUser Exists (0.4ms)[0m  [1m[34mSELECT  1 AS one FROM "users" WHERE "users"."email" = $1 AND "users"."id" != $2 LIMIT $3[0m  [["email", "josh@josh.com"], ["id", 1], ["LIMIT", 1]]
  ↳ app/models/user.rb:31
  [1m[36mUser Exists (0.3ms)[0m  [1m[34mSELECT  1 AS one FROM "users" WHERE "users"."session_token" = $1 AND "users"."id" != $2 LIMIT $3[0m  [["session_token", "kUIqKsY2ffCLo5xASweJUg"], ["id", 1], ["LIMIT", 1]]
  ↳ app/models/user.rb:31
  [1m[36mUser Update (0.6ms)[0m  [1m[33mUPDATE "users" SET "session_token" = $1, "updated_at" = $2 WHERE "users"."id" = $3[0m  [["session_token", "kUIqKsY2ffCLo5xASweJUg"], ["updated_at", "2018-11-15 22:56:33.958001"], ["id", 1]]
  ↳ app/models/user.rb:31
  [1m[35m (1.6ms)[0m  [1m[35mCOMMIT[0m
  ↳ app/models/user.rb:31
Redirected to http://localhost:3000/users/1
Completed 302 Found in 75ms (ActiveRecord: 11.7ms)


Started GET "/users/1" for 127.0.0.1 at 2018-11-15 14:56:33 -0800
Processing by UsersController#show as HTML
  Parameters: {"id"=>"1"}
  Rendering users/show.html.erb within layouts/application
  Rendered users/show.html.erb within layouts/application (0.5ms)
Completed 200 OK in 15ms (Views: 12.9ms | ActiveRecord: 0.0ms)


Started DELETE "/session" for 127.0.0.1 at 2018-11-15 14:56:37 -0800
Processing by SessionsController#destroy as HTML
  Parameters: {"authenticity_token"=>"E/Dr0GWAz0HUl9Sy0i6qsajoP3s5XDGi+Mv7RacyYkfvwnF7K7KAvt2j53O0i0UGtGca2yCD1KGlOSsso5UbSQ=="}
  [1m[36mUser Load (0.3ms)[0m  [1m[34mSELECT  "users".* FROM "users" WHERE "users"."session_token" = $1 LIMIT $2[0m  [["session_token", "kUIqKsY2ffCLo5xASweJUg"], ["LIMIT", 1]]
  ↳ app/controllers/application_controller.rb:6
  [1m[35m (0.1ms)[0m  [1m[35mBEGIN[0m
  ↳ app/models/user.rb:31
  [1m[36mUser Exists (0.3ms)[0m  [1m[34mSELECT  1 AS one FROM "users" WHERE "users"."email" = $1 AND "users"."id" != $2 LIMIT $3[0m  [["email", "josh@josh.com"], ["id", 1], ["LIMIT", 1]]
  ↳ app/models/user.rb:31
  [1m[36mUser Exists (0.3ms)[0m  [1m[34mSELECT  1 AS one FROM "users" WHERE "users"."session_token" = $1 AND "users"."id" != $2 LIMIT $3[0m  [["session_token", "tQw36mwvZGvmMtyacOrSHw"], ["id", 1], ["LIMIT", 1]]
  ↳ app/models/user.rb:31
  [1m[36mUser Update (0.4ms)[0m  [1m[33mUPDATE "users" SET "session_token" = $1, "updated_at" = $2 WHERE "users"."id" = $3[0m  [["session_token", "tQw36mwvZGvmMtyacOrSHw"], ["updated_at", "2018-11-15 22:56:37.702812"], ["id", 1]]
  ↳ app/models/user.rb:31
  [1m[35m (1.8ms)[0m  [1m[35mCOMMIT[0m
  ↳ app/models/user.rb:31
Redirected to http://localhost:3000/session/new
Completed 302 Found in 8ms (ActiveRecord: 3.1ms)


Started GET "/session/new" for 127.0.0.1 at 2018-11-15 14:56:37 -0800
Processing by SessionsController#new as HTML
  Rendering sessions/new.html.erb within layouts/application
  Rendered sessions/new.html.erb within layouts/application (0.7ms)
Completed 200 OK in 16ms (Views: 15.9ms | ActiveRecord: 0.0ms)


Started POST "/session" for 127.0.0.1 at 2018-11-15 15:00:01 -0800
Processing by SessionsController#create as HTML
  Parameters: {"authenticity_token"=>"buctkz4RnofIEWvaYI8qD9pnOcmO6pHT7UQ9neRDNZiS1bc4cCPReMElWBsGKsW4xugcaZc1dNCwtu304ORMlg==", "user"=>{"email"=>"josh@josh.com", "password"=>"[FILTERED]"}}
  [1m[36mUser Load (0.3ms)[0m  [1m[34mSELECT  "users".* FROM "users" WHERE "users"."email" = $1 LIMIT $2[0m  [["email", "josh@josh.com"], ["LIMIT", 1]]
  ↳ app/models/user.rb:24
  [1m[35m (0.2ms)[0m  [1m[35mBEGIN[0m
  ↳ app/models/user.rb:31
  [1m[36mUser Exists (0.4ms)[0m  [1m[34mSELECT  1 AS one FROM "users" WHERE "users"."email" = $1 AND "users"."id" != $2 LIMIT $3[0m  [["email", "josh@josh.com"], ["id", 1], ["LIMIT", 1]]
  ↳ app/models/user.rb:31
  [1m[36mUser Exists (0.3ms)[0m  [1m[34mSELECT  1 AS one FROM "users" WHERE "users"."session_token" = $1 AND "users"."id" != $2 LIMIT $3[0m  [["session_token", "r8A_d6OP1jWp32yVuVp42g"], ["id", 1], ["LIMIT", 1]]
  ↳ app/models/user.rb:31
  [1m[36mUser Update (0.4ms)[0m  [1m[33mUPDATE "users" SET "session_token" = $1, "updated_at" = $2 WHERE "users"."id" = $3[0m  [["session_token", "r8A_d6OP1jWp32yVuVp42g"], ["updated_at", "2018-11-15 23:00:01.098246"], ["id", 1]]
  ↳ app/models/user.rb:31
  [1m[35m (0.8ms)[0m  [1m[35mCOMMIT[0m
  ↳ app/models/user.rb:31
Redirected to http://localhost:3000/users/1
Completed 302 Found in 59ms (ActiveRecord: 2.3ms)


Started GET "/users/1" for 127.0.0.1 at 2018-11-15 15:00:01 -0800
Processing by UsersController#show as HTML
  Parameters: {"id"=>"1"}
  Rendering users/show.html.erb within layouts/application
  Rendered users/show.html.erb within layouts/application (0.4ms)
Completed 200 OK in 14ms (Views: 12.6ms | ActiveRecord: 0.0ms)


Started GET "/users/1" for 127.0.0.1 at 2018-11-15 15:08:25 -0800
Processing by UsersController#show as HTML
  Parameters: {"id"=>"1"}
  Rendering users/show.html.erb within layouts/application
  Rendered users/show.html.erb within layouts/application (0.4ms)
Completed 500 Internal Server Error in 11ms (ActiveRecord: 0.0ms)


  
SyntaxError (/Users/jaynips/Desktop/W4D4/musicapp/app/views/layouts/application.html.erb:13: syntax error, unexpected tIDENTIFIER, expecting ')'
...ppend=( 'Welcome ' current_user.email );@output_buffer.safe_...
...                   ^~~~~~~~~~~~):
  
app/views/layouts/application.html.erb:13: syntax error, unexpected tIDENTIFIER, expecting ')'
Started GET "/users" for 127.0.0.1 at 2018-11-15 15:09:23 -0800
  
ActionController::RoutingError (No route matches [GET] "/users"):
  
actionpack (5.2.1) lib/action_dispatch/middleware/debug_exceptions.rb:65:in `call'
web-console (3.7.0) lib/web_console/middleware.rb:135:in `call_app'
web-console (3.7.0) lib/web_console/middleware.rb:30:in `block in call'
web-console (3.7.0) lib/web_console/middleware.rb:20:in `catch'
web-console (3.7.0) lib/web_console/middleware.rb:20:in `call'
actionpack (5.2.1) lib/action_dispatch/middleware/show_exceptions.rb:33:in `call'
railties (5.2.1) lib/rails/rack/logger.rb:38:in `call_app'
railties (5.2.1) lib/rails/rack/logger.rb:26:in `block in call'
activesupport (5.2.1) lib/active_support/tagged_logging.rb:71:in `block in tagged'
activesupport (5.2.1) lib/active_support/tagged_logging.rb:28:in `tagged'
activesupport (5.2.1) lib/active_support/tagged_logging.rb:71:in `tagged'
railties (5.2.1) lib/rails/rack/logger.rb:26:in `call'
sprockets-rails (3.2.1) lib/sprockets/rails/quiet_assets.rb:13:in `call'
actionpack (5.2.1) lib/action_dispatch/middleware/remote_ip.rb:81:in `call'
actionpack (5.2.1) lib/action_dispatch/middleware/request_id.rb:27:in `call'
rack (2.0.6) lib/rack/method_override.rb:22:in `call'
rack (2.0.6) lib/rack/runtime.rb:22:in `call'
activesupport (5.2.1) lib/active_support/cache/strategy/local_cache_middleware.rb:29:in `call'
actionpack (5.2.1) lib/action_dispatch/middleware/executor.rb:14:in `call'
actionpack (5.2.1) lib/action_dispatch/middleware/static.rb:127:in `call'
rack (2.0.6) lib/rack/sendfile.rb:111:in `call'
railties (5.2.1) lib/rails/engine.rb:524:in `call'
puma (3.12.0) lib/puma/configuration.rb:225:in `call'
puma (3.12.0) lib/puma/server.rb:658:in `handle_request'
puma (3.12.0) lib/puma/server.rb:472:in `process_client'
puma (3.12.0) lib/puma/server.rb:332:in `block in run'
puma (3.12.0) lib/puma/thread_pool.rb:133:in `block in spawn_thread'
Started GET "/users/new" for 127.0.0.1 at 2018-11-15 15:09:27 -0800
Processing by UsersController#new as HTML
  Rendering users/new.html.erb within layouts/application
  Rendered users/new.html.erb within layouts/application (0.6ms)
Completed 500 Internal Server Error in 6ms (ActiveRecord: 0.0ms)


  
SyntaxError (/Users/jaynips/Desktop/W4D4/musicapp/app/views/layouts/application.html.erb:13: syntax error, unexpected tIDENTIFIER, expecting ')'
...ppend=( 'Welcome ' current_user.email );@output_buffer.safe_...
...                   ^~~~~~~~~~~~):
  
app/views/layouts/application.html.erb:13: syntax error, unexpected tIDENTIFIER, expecting ')'
app/controllers/users_controller.rb:3:in `new'
Started GET "/users/new" for 127.0.0.1 at 2018-11-15 15:11:19 -0800
Processing by UsersController#new as HTML
  Rendering users/new.html.erb within layouts/application
  Rendered users/new.html.erb within layouts/application (0.5ms)
Completed 200 OK in 16ms (Views: 15.5ms | ActiveRecord: 0.0ms)


Started GET "/session/new" for 127.0.0.1 at 2018-11-15 15:11:24 -0800
Processing by SessionsController#new as HTML
  Rendering sessions/new.html.erb within layouts/application
  Rendered sessions/new.html.erb within layouts/application (0.6ms)
Completed 200 OK in 15ms (Views: 14.4ms | ActiveRecord: 0.0ms)


Started GET "/users/new" for 127.0.0.1 at 2018-11-15 15:11:29 -0800
Processing by UsersController#new as HTML
  Rendering users/new.html.erb within layouts/application
  Rendered users/new.html.erb within layouts/application (0.6ms)
Completed 200 OK in 16ms (Views: 15.5ms | ActiveRecord: 0.0ms)


Started GET "/session/new" for 127.0.0.1 at 2018-11-15 15:12:54 -0800
Processing by SessionsController#new as HTML
  Rendering sessions/new.html.erb within layouts/application
  Rendered sessions/new.html.erb within layouts/application (0.8ms)
Completed 200 OK in 18ms (Views: 17.5ms | ActiveRecord: 0.0ms)


Started POST "/users" for 127.0.0.1 at 2018-11-15 15:13:27 -0800
Processing by UsersController#create as HTML
  Parameters: {"authenticity_token"=>"CeWSbXzGQKHwOLCOXVSlm5LkVfFQaCJVCW0gwDDsD5r11wjGMvQPXvkMg0878UosjmtwUUm3x1ZUn/CpNEt2lA==", "user"=>{"email"=>"josh@josh.com", "password"=>"[FILTERED]"}}
  [1m[35m (0.2ms)[0m  [1m[35mBEGIN[0m
  ↳ app/controllers/users_controller.rb:9
  [1m[36mUser Exists (1.0ms)[0m  [1m[34mSELECT  1 AS one FROM "users" WHERE "users"."email" = $1 LIMIT $2[0m  [["email", "josh@josh.com"], ["LIMIT", 1]]
  ↳ app/controllers/users_controller.rb:9
  [1m[36mUser Exists (0.5ms)[0m  [1m[34mSELECT  1 AS one FROM "users" WHERE "users"."session_token" = $1 LIMIT $2[0m  [["session_token", "cFuudp3XMP6Kl-TGxas4Mg"], ["LIMIT", 1]]
  ↳ app/controllers/users_controller.rb:9
  [1m[35m (0.1ms)[0m  [1m[31mROLLBACK[0m
  ↳ app/controllers/users_controller.rb:9
  Rendering users/new.html.erb within layouts/application
  Rendered users/new.html.erb within layouts/application (0.5ms)
Completed 500 Internal Server Error in 95ms (ActiveRecord: 10.1ms)


  
SyntaxError (/Users/jaynips/Desktop/W4D4/musicapp/app/views/layouts/application.html.erb:13: syntax error, unexpected tIDENTIFIER, expecting ')'
...ppend=( 'Welcome ' current_user.email );@output_buffer.safe_...
...                   ^~~~~~~~~~~~):
  
app/views/layouts/application.html.erb:13: syntax error, unexpected tIDENTIFIER, expecting ')'
app/controllers/users_controller.rb:14:in `create'
Started POST "/users" for 127.0.0.1 at 2018-11-15 15:14:11 -0800
Processing by UsersController#create as HTML
  Parameters: {"authenticity_token"=>"CeWSbXzGQKHwOLCOXVSlm5LkVfFQaCJVCW0gwDDsD5r11wjGMvQPXvkMg0878UosjmtwUUm3x1ZUn/CpNEt2lA==", "user"=>{"email"=>"josh@josh.com", "password"=>"[FILTERED]"}}
  [1m[35m (0.2ms)[0m  [1m[35mBEGIN[0m
  ↳ app/controllers/users_controller.rb:9
  [1m[36mUser Exists (0.3ms)[0m  [1m[34mSELECT  1 AS one FROM "users" WHERE "users"."email" = $1 LIMIT $2[0m  [["email", "josh@josh.com"], ["LIMIT", 1]]
  ↳ app/controllers/users_controller.rb:9
  [1m[36mUser Exists (0.5ms)[0m  [1m[34mSELECT  1 AS one FROM "users" WHERE "users"."session_token" = $1 LIMIT $2[0m  [["session_token", "YgV7FtQUCGltZiNiv4eA7A"], ["LIMIT", 1]]
  ↳ app/controllers/users_controller.rb:9
  [1m[35m (0.2ms)[0m  [1m[31mROLLBACK[0m
  ↳ app/controllers/users_controller.rb:9
  Rendering users/new.html.erb within layouts/application
  Rendered users/new.html.erb within layouts/application (0.4ms)
Completed 200 OK in 79ms (Views: 20.2ms | ActiveRecord: 1.2ms)


Started POST "/users" for 127.0.0.1 at 2018-11-15 15:14:20 -0800
Processing by UsersController#create as HTML
  Parameters: {"authenticity_token"=>"ubnLaLp+T0SRcK5QqjVpfwGhpg3V15bOH42ZHbjR8GBFi1HD9EwAu5hEnZHMkIbIHS6DrcwIc81Cf0l0vHaJbg==", "user"=>{"email"=>"josh@josh.com", "password"=>"[FILTERED]"}}
  [1m[35m (0.2ms)[0m  [1m[35mBEGIN[0m
  ↳ app/controllers/users_controller.rb:9
  [1m[36mUser Exists (0.4ms)[0m  [1m[34mSELECT  1 AS one FROM "users" WHERE "users"."email" = $1 LIMIT $2[0m  [["email", "josh@josh.com"], ["LIMIT", 1]]
  ↳ app/controllers/users_controller.rb:9
  [1m[36mUser Exists (0.3ms)[0m  [1m[34mSELECT  1 AS one FROM "users" WHERE "users"."session_token" = $1 LIMIT $2[0m  [["session_token", "0YguL_GRCk83Qrljj-_FNg"], ["LIMIT", 1]]
  ↳ app/controllers/users_controller.rb:9
  [1m[35m (0.2ms)[0m  [1m[31mROLLBACK[0m
  ↳ app/controllers/users_controller.rb:9
  Rendering users/new.html.erb within layouts/application
  Rendered users/new.html.erb within layouts/application (0.5ms)
Completed 200 OK in 80ms (Views: 21.0ms | ActiveRecord: 1.0ms)


Started POST "/users" for 127.0.0.1 at 2018-11-15 15:14:26 -0800
Processing by UsersController#create as HTML
  Parameters: {"authenticity_token"=>"N9UUHPzAVNhI6JPRD1teiKYdR/qJHa/9EQ5uuk2WyYvL5463svIbJ0HcoBBp/rE/upJiWpDCSv5M/L7TSTGwhQ==", "user"=>{"email"=>"josh@josh.com", "password"=>"[FILTERED]"}}
  [1m[35m (0.2ms)[0m  [1m[35mBEGIN[0m
  ↳ app/controllers/users_controller.rb:9
  [1m[36mUser Exists (0.4ms)[0m  [1m[34mSELECT  1 AS one FROM "users" WHERE "users"."email" = $1 LIMIT $2[0m  [["email", "josh@josh.com"], ["LIMIT", 1]]
  ↳ app/controllers/users_controller.rb:9
  [1m[36mUser Exists (0.3ms)[0m  [1m[34mSELECT  1 AS one FROM "users" WHERE "users"."session_token" = $1 LIMIT $2[0m  [["session_token", "OZ6CODn1DqYZu16FSYSsJg"], ["LIMIT", 1]]
  ↳ app/controllers/users_controller.rb:9
  [1m[35m (0.3ms)[0m  [1m[31mROLLBACK[0m
  ↳ app/controllers/users_controller.rb:9
  Rendering users/new.html.erb within layouts/application
  Rendered users/new.html.erb within layouts/application (0.4ms)
Completed 200 OK in 78ms (Views: 18.0ms | ActiveRecord: 1.2ms)


Started GET "/users/1" for 127.0.0.1 at 2018-11-15 15:14:32 -0800
Processing by UsersController#show as HTML
  Parameters: {"id"=>"1"}
  Rendering users/show.html.erb within layouts/application
  Rendered users/show.html.erb within layouts/application (0.9ms)
Completed 200 OK in 19ms (Views: 16.3ms | ActiveRecord: 0.0ms)


Started DELETE "/session" for 127.0.0.1 at 2018-11-15 15:14:33 -0800
Processing by SessionsController#destroy as HTML
  Parameters: {"authenticity_token"=>"AzA5awP+EDO2sFLXZR7/oGdT7CqJTkd4gYzEWKRizjz/AqPATcxfzL+EYRYDuxAXe9zJipCRonvcfhQxoMW3Mg=="}
  [1m[36mUser Load (0.3ms)[0m  [1m[34mSELECT  "users".* FROM "users" WHERE "users"."session_token" = $1 LIMIT $2[0m  [["session_token", "r8A_d6OP1jWp32yVuVp42g"], ["LIMIT", 1]]
  ↳ app/controllers/application_controller.rb:6
  [1m[35m (0.2ms)[0m  [1m[35mBEGIN[0m
  ↳ app/models/user.rb:31
  [1m[36mUser Exists (0.4ms)[0m  [1m[34mSELECT  1 AS one FROM "users" WHERE "users"."email" = $1 AND "users"."id" != $2 LIMIT $3[0m  [["email", "josh@josh.com"], ["id", 1], ["LIMIT", 1]]
  ↳ app/models/user.rb:31
  [1m[36mUser Exists (0.6ms)[0m  [1m[34mSELECT  1 AS one FROM "users" WHERE "users"."session_token" = $1 AND "users"."id" != $2 LIMIT $3[0m  [["session_token", "eDZEtXGdcFgWZTsvyasMRg"], ["id", 1], ["LIMIT", 1]]
  ↳ app/models/user.rb:31
  [1m[36mUser Update (0.6ms)[0m  [1m[33mUPDATE "users" SET "session_token" = $1, "updated_at" = $2 WHERE "users"."id" = $3[0m  [["session_token", "eDZEtXGdcFgWZTsvyasMRg"], ["updated_at", "2018-11-15 23:14:33.739730"], ["id", 1]]
  ↳ app/models/user.rb:31
  [1m[35m (1.8ms)[0m  [1m[35mCOMMIT[0m
  ↳ app/models/user.rb:31
Redirected to http://localhost:3000/session/new
Completed 302 Found in 10ms (ActiveRecord: 4.2ms)


Started GET "/session/new" for 127.0.0.1 at 2018-11-15 15:14:33 -0800
Processing by SessionsController#new as HTML
  Rendering sessions/new.html.erb within layouts/application
  Rendered sessions/new.html.erb within layouts/application (0.7ms)
Completed 200 OK in 14ms (Views: 13.7ms | ActiveRecord: 0.0ms)


Started POST "/session" for 127.0.0.1 at 2018-11-15 15:14:39 -0800
Processing by SessionsController#create as HTML
  Parameters: {"authenticity_token"=>"t23ziz1cIcA//ZCuF/w0AD1x4HQHac9FwyHw/yXSro5LX2kgc25uPzbJo29xWdu3If7F1B62Kkae0yCWIXXXgA==", "user"=>{"email"=>"josh@josh.com", "password"=>"[FILTERED]"}}
  [1m[36mUser Load (0.4ms)[0m  [1m[34mSELECT  "users".* FROM "users" WHERE "users"."email" = $1 LIMIT $2[0m  [["email", "josh@josh.com"], ["LIMIT", 1]]
  ↳ app/models/user.rb:24
  [1m[35m (0.2ms)[0m  [1m[35mBEGIN[0m
  ↳ app/models/user.rb:31
  [1m[36mUser Exists (0.4ms)[0m  [1m[34mSELECT  1 AS one FROM "users" WHERE "users"."email" = $1 AND "users"."id" != $2 LIMIT $3[0m  [["email", "josh@josh.com"], ["id", 1], ["LIMIT", 1]]
  ↳ app/models/user.rb:31
  [1m[36mUser Exists (0.3ms)[0m  [1m[34mSELECT  1 AS one FROM "users" WHERE "users"."session_token" = $1 AND "users"."id" != $2 LIMIT $3[0m  [["session_token", "KX9eEHV-kOGYH2hJ9YEIQA"], ["id", 1], ["LIMIT", 1]]
  ↳ app/models/user.rb:31
  [1m[36mUser Update (0.4ms)[0m  [1m[33mUPDATE "users" SET "session_token" = $1, "updated_at" = $2 WHERE "users"."id" = $3[0m  [["session_token", "KX9eEHV-kOGYH2hJ9YEIQA"], ["updated_at", "2018-11-15 23:14:39.516256"], ["id", 1]]
  ↳ app/models/user.rb:31
  [1m[35m (0.8ms)[0m  [1m[35mCOMMIT[0m
  ↳ app/models/user.rb:31
Redirected to http://localhost:3000/users/1
Completed 302 Found in 60ms (ActiveRecord: 2.4ms)


Started GET "/users/1" for 127.0.0.1 at 2018-11-15 15:14:39 -0800
Processing by UsersController#show as HTML
  Parameters: {"id"=>"1"}
  Rendering users/show.html.erb within layouts/application
  Rendered users/show.html.erb within layouts/application (0.5ms)
Completed 200 OK in 15ms (Views: 13.1ms | ActiveRecord: 0.0ms)


Started GET "/users/1" for 127.0.0.1 at 2018-11-15 15:14:52 -0800
Processing by UsersController#show as HTML
  Parameters: {"id"=>"1"}
  Rendering users/show.html.erb within layouts/application
  Rendered users/show.html.erb within layouts/application (0.4ms)
  [1m[36mUser Load (0.4ms)[0m  [1m[34mSELECT  "users".* FROM "users" WHERE "users"."session_token" = $1 LIMIT $2[0m  [["session_token", "KX9eEHV-kOGYH2hJ9YEIQA"], ["LIMIT", 1]]
  ↳ app/controllers/application_controller.rb:6
Completed 200 OK in 19ms (Views: 16.2ms | ActiveRecord: 0.4ms)


Started GET "/users/1" for 127.0.0.1 at 2018-11-15 15:15:55 -0800
Processing by UsersController#show as HTML
  Parameters: {"id"=>"1"}
  Rendering users/show.html.erb within layouts/application
  Rendered users/show.html.erb within layouts/application (0.7ms)
  [1m[36mUser Load (0.6ms)[0m  [1m[34mSELECT  "users".* FROM "users" WHERE "users"."session_token" = $1 LIMIT $2[0m  [["session_token", "KX9eEHV-kOGYH2hJ9YEIQA"], ["LIMIT", 1]]
  ↳ app/controllers/application_controller.rb:6
Completed 200 OK in 19ms (Views: 16.3ms | ActiveRecord: 0.6ms)


Started GET "/users/1" for 127.0.0.1 at 2018-11-15 15:16:23 -0800
Processing by UsersController#show as HTML
  Parameters: {"id"=>"1"}
  Rendering users/show.html.erb within layouts/application
  Rendered users/show.html.erb within layouts/application (0.4ms)
  [1m[36mUser Load (0.4ms)[0m  [1m[34mSELECT  "users".* FROM "users" WHERE "users"."session_token" = $1 LIMIT $2[0m  [["session_token", "KX9eEHV-kOGYH2hJ9YEIQA"], ["LIMIT", 1]]
  ↳ app/controllers/application_controller.rb:6
Completed 200 OK in 18ms (Views: 14.9ms | ActiveRecord: 0.4ms)


Started GET "/users/1" for 127.0.0.1 at 2018-11-15 15:19:18 -0800
Processing by UsersController#show as HTML
  Parameters: {"id"=>"1"}
  Rendering users/show.html.erb within layouts/application
  Rendered users/show.html.erb within layouts/application (0.3ms)
  [1m[36mUser Load (0.4ms)[0m  [1m[34mSELECT  "users".* FROM "users" WHERE "users"."session_token" = $1 LIMIT $2[0m  [["session_token", "KX9eEHV-kOGYH2hJ9YEIQA"], ["LIMIT", 1]]
  ↳ app/controllers/application_controller.rb:6
Completed 200 OK in 17ms (Views: 14.8ms | ActiveRecord: 0.4ms)


Started GET "/users/1" for 127.0.0.1 at 2018-11-15 15:19:19 -0800
Processing by UsersController#show as HTML
  Parameters: {"id"=>"1"}
  Rendering users/show.html.erb within layouts/application
  Rendered users/show.html.erb within layouts/application (0.5ms)
  [1m[36mUser Load (0.3ms)[0m  [1m[34mSELECT  "users".* FROM "users" WHERE "users"."session_token" = $1 LIMIT $2[0m  [["session_token", "KX9eEHV-kOGYH2hJ9YEIQA"], ["LIMIT", 1]]
  ↳ app/controllers/application_controller.rb:6
Completed 200 OK in 20ms (Views: 17.1ms | ActiveRecord: 0.3ms)


Started DELETE "/session" for 127.0.0.1 at 2018-11-15 15:19:20 -0800
Processing by SessionsController#destroy as HTML
  Parameters: {"authenticity_token"=>"L3C13WOhQcQ07WetFhV5eFZhytN6Tm72GAGmRAlSk8/TQi92LZMOOz3ZVGxwsJbPSu7vc2ORi/VF83YtDfXqwQ=="}
  [1m[36mUser Load (0.2ms)[0m  [1m[34mSELECT  "users".* FROM "users" WHERE "users"."session_token" = $1 LIMIT $2[0m  [["session_token", "KX9eEHV-kOGYH2hJ9YEIQA"], ["LIMIT", 1]]
  ↳ app/controllers/application_controller.rb:6
  [1m[35m (0.1ms)[0m  [1m[35mBEGIN[0m
  ↳ app/models/user.rb:31
  [1m[36mUser Exists (0.5ms)[0m  [1m[34mSELECT  1 AS one FROM "users" WHERE "users"."email" = $1 AND "users"."id" != $2 LIMIT $3[0m  [["email", "josh@josh.com"], ["id", 1], ["LIMIT", 1]]
  ↳ app/models/user.rb:31
  [1m[36mUser Exists (0.4ms)[0m  [1m[34mSELECT  1 AS one FROM "users" WHERE "users"."session_token" = $1 AND "users"."id" != $2 LIMIT $3[0m  [["session_token", "Hfd53KFnr43w5JnyO5ZD6w"], ["id", 1], ["LIMIT", 1]]
  ↳ app/models/user.rb:31
  [1m[36mUser Update (0.3ms)[0m  [1m[33mUPDATE "users" SET "session_token" = $1, "updated_at" = $2 WHERE "users"."id" = $3[0m  [["session_token", "Hfd53KFnr43w5JnyO5ZD6w"], ["updated_at", "2018-11-15 23:19:20.939075"], ["id", 1]]
  ↳ app/models/user.rb:31
  [1m[35m (1.8ms)[0m  [1m[35mCOMMIT[0m
  ↳ app/models/user.rb:31
Redirected to http://localhost:3000/session/new
Completed 302 Found in 9ms (ActiveRecord: 3.3ms)


Started GET "/session/new" for 127.0.0.1 at 2018-11-15 15:19:20 -0800
Processing by SessionsController#new as HTML
  Rendering sessions/new.html.erb within layouts/application
  Rendered sessions/new.html.erb within layouts/application (0.5ms)
Completed 200 OK in 15ms (Views: 14.7ms | ActiveRecord: 0.0ms)


Started GET "/users/new" for 127.0.0.1 at 2018-11-15 15:19:26 -0800
Processing by UsersController#new as HTML
  Rendering users/new.html.erb within layouts/application
  Rendered users/new.html.erb within layouts/application (0.5ms)
Completed 200 OK in 19ms (Views: 19.0ms | ActiveRecord: 0.0ms)


Started GET "/users/1" for 127.0.0.1 at 2018-11-15 15:19:27 -0800
Processing by UsersController#show as HTML
  Parameters: {"id"=>"1"}
  Rendering users/show.html.erb within layouts/application
  Rendered users/show.html.erb within layouts/application (0.5ms)
Completed 200 OK in 19ms (Views: 16.9ms | ActiveRecord: 0.0ms)


Started GET "/users/1" for 127.0.0.1 at 2018-11-15 15:19:56 -0800
Processing by UsersController#show as HTML
  Parameters: {"id"=>"1"}
  Rendering users/show.html.erb within layouts/application
  Rendered users/show.html.erb within layouts/application (0.3ms)
Completed 200 OK in 21ms (Views: 19.0ms | ActiveRecord: 0.0ms)


Started GET "/users/1" for 127.0.0.1 at 2018-11-15 15:19:57 -0800
Processing by UsersController#show as HTML
  Parameters: {"id"=>"1"}
  Rendering users/show.html.erb within layouts/application
  Rendered users/show.html.erb within layouts/application (0.3ms)
Completed 200 OK in 17ms (Views: 14.8ms | ActiveRecord: 0.0ms)


Started GET "/users/1" for 127.0.0.1 at 2018-11-15 15:20:00 -0800
Processing by UsersController#show as HTML
  Parameters: {"id"=>"1"}
  Rendering users/show.html.erb within layouts/application
  Rendered users/show.html.erb within layouts/application (0.3ms)
Completed 200 OK in 17ms (Views: 14.8ms | ActiveRecord: 0.0ms)


Started GET "/users/new" for 127.0.0.1 at 2018-11-15 15:20:15 -0800
Processing by UsersController#new as HTML
  Rendering users/new.html.erb within layouts/application
  Rendered users/new.html.erb within layouts/application (0.5ms)
Completed 200 OK in 15ms (Views: 14.1ms | ActiveRecord: 0.0ms)


Started GET "/users/new" for 127.0.0.1 at 2018-11-15 15:20:17 -0800
Processing by UsersController#new as HTML
  Rendering users/new.html.erb within layouts/application
  Rendered users/new.html.erb within layouts/application (0.4ms)
Completed 200 OK in 16ms (Views: 15.5ms | ActiveRecord: 0.0ms)


Started GET "/users/new" for 127.0.0.1 at 2018-11-15 15:20:26 -0800
Processing by UsersController#new as HTML
  Rendering users/new.html.erb within layouts/application
  Rendered users/new.html.erb within layouts/application (0.5ms)
Completed 200 OK in 21ms (Views: 20.7ms | ActiveRecord: 0.0ms)


Started GET "/users/new" for 127.0.0.1 at 2018-11-15 15:28:45 -0800
Processing by UsersController#new as HTML
  Rendering users/new.html.erb within layouts/application
  Rendered users/new.html.erb within layouts/application (0.5ms)
Completed 200 OK in 13ms (Views: 13.0ms | ActiveRecord: 0.0ms)


Started GET "/users/1" for 127.0.0.1 at 2018-11-15 15:28:52 -0800
Processing by UsersController#show as HTML
  Parameters: {"id"=>"1"}
Redirected to http://localhost:3000/session/new
Filter chain halted as :require_login rendered or redirected
Completed 302 Found in 1ms (ActiveRecord: 0.0ms)


Started GET "/session/new" for 127.0.0.1 at 2018-11-15 15:28:52 -0800
Processing by SessionsController#new as HTML
  Rendering sessions/new.html.erb within layouts/application
  Rendered sessions/new.html.erb within layouts/application (0.8ms)
Completed 200 OK in 20ms (Views: 19.7ms | ActiveRecord: 0.0ms)


Started POST "/session" for 127.0.0.1 at 2018-11-15 15:29:26 -0800
Processing by SessionsController#create as HTML
  Parameters: {"authenticity_token"=>"TlYcPhOxSvEKHGzAiWdZVJA0/497o68+3pOCHqp28EqyZIaVXYMFDgMoXwHvwrbjjLvaL2J8Sj2DYVJ3rtGJRA==", "user"=>{"email"=>"joshua.patrick.arriola@gmail.com", "password"=>"[FILTERED]"}}
  [1m[36mUser Load (0.8ms)[0m  [1m[34mSELECT  "users".* FROM "users" WHERE "users"."email" = $1 LIMIT $2[0m  [["email", "joshua.patrick.arriola@gmail.com"], ["LIMIT", 1]]
  ↳ app/models/user.rb:24
  Rendering sessions/new.html.erb within layouts/application
  Rendered sessions/new.html.erb within layouts/application (0.5ms)
Completed 200 OK in 29ms (Views: 15.5ms | ActiveRecord: 4.6ms)


Started POST "/session" for 127.0.0.1 at 2018-11-15 15:29:39 -0800
Processing by SessionsController#create as HTML
  Parameters: {"authenticity_token"=>"iNxL0MCxGIIN//nPY3DLBNeLfHti8OjkGQWp0Du7wdR07tF7joNXfQTLyg4F1SSzywRZ23svDedE93m5Pxy42g==", "user"=>{"email"=>"josh@josh.com", "password"=>"[FILTERED]"}}
  [1m[36mUser Load (0.3ms)[0m  [1m[34mSELECT  "users".* FROM "users" WHERE "users"."email" = $1 LIMIT $2[0m  [["email", "josh@josh.com"], ["LIMIT", 1]]
  ↳ app/models/user.rb:24
  [1m[35m (0.2ms)[0m  [1m[35mBEGIN[0m
  ↳ app/models/user.rb:31
  [1m[36mUser Exists (0.4ms)[0m  [1m[34mSELECT  1 AS one FROM "users" WHERE "users"."email" = $1 AND "users"."id" != $2 LIMIT $3[0m  [["email", "josh@josh.com"], ["id", 1], ["LIMIT", 1]]
  ↳ app/models/user.rb:31
  [1m[36mUser Exists (0.3ms)[0m  [1m[34mSELECT  1 AS one FROM "users" WHERE "users"."session_token" = $1 AND "users"."id" != $2 LIMIT $3[0m  [["session_token", "AdgqMzJ6OBK8fHXxutX6YA"], ["id", 1], ["LIMIT", 1]]
  ↳ app/models/user.rb:31
  [1m[36mUser Update (0.5ms)[0m  [1m[33mUPDATE "users" SET "session_token" = $1, "updated_at" = $2 WHERE "users"."id" = $3[0m  [["session_token", "AdgqMzJ6OBK8fHXxutX6YA"], ["updated_at", "2018-11-15 23:29:40.047273"], ["id", 1]]
  ↳ app/models/user.rb:31
  [1m[35m (0.8ms)[0m  [1m[35mCOMMIT[0m
  ↳ app/models/user.rb:31
Redirected to http://localhost:3000/users/1
Completed 302 Found in 70ms (ActiveRecord: 7.6ms)


Started GET "/users/1" for 127.0.0.1 at 2018-11-15 15:29:40 -0800
Processing by UsersController#show as HTML
  Parameters: {"id"=>"1"}
  [1m[36mUser Load (0.3ms)[0m  [1m[34mSELECT  "users".* FROM "users" WHERE "users"."session_token" = $1 LIMIT $2[0m  [["session_token", "AdgqMzJ6OBK8fHXxutX6YA"], ["LIMIT", 1]]
  ↳ app/controllers/application_controller.rb:12
  Rendering users/show.html.erb within layouts/application
  Rendered users/show.html.erb within layouts/application (0.2ms)
Completed 200 OK in 15ms (Views: 12.6ms | ActiveRecord: 0.3ms)


Started DELETE "/session" for 127.0.0.1 at 2018-11-15 15:29:54 -0800
Processing by SessionsController#destroy as HTML
  Parameters: {"authenticity_token"=>"I2qOsej9OC9sF7LFmK1gWR9gc+nv3wUspsRRweOZrBPfWBQaps930GUjgQT+CI/uA+9WSfYA4C/7NoGo5z7VHQ=="}
  [1m[36mUser Load (0.3ms)[0m  [1m[34mSELECT  "users".* FROM "users" WHERE "users"."session_token" = $1 LIMIT $2[0m  [["session_token", "AdgqMzJ6OBK8fHXxutX6YA"], ["LIMIT", 1]]
  ↳ app/controllers/application_controller.rb:12
  [1m[35m (0.1ms)[0m  [1m[35mBEGIN[0m
  ↳ app/models/user.rb:31
  [1m[36mUser Exists (0.3ms)[0m  [1m[34mSELECT  1 AS one FROM "users" WHERE "users"."email" = $1 AND "users"."id" != $2 LIMIT $3[0m  [["email", "josh@josh.com"], ["id", 1], ["LIMIT", 1]]
  ↳ app/models/user.rb:31
  [1m[36mUser Exists (0.3ms)[0m  [1m[34mSELECT  1 AS one FROM "users" WHERE "users"."session_token" = $1 AND "users"."id" != $2 LIMIT $3[0m  [["session_token", "frl8Wedyzz_ZlsxKvHjCLg"], ["id", 1], ["LIMIT", 1]]
  ↳ app/models/user.rb:31
  [1m[36mUser Update (0.4ms)[0m  [1m[33mUPDATE "users" SET "session_token" = $1, "updated_at" = $2 WHERE "users"."id" = $3[0m  [["session_token", "frl8Wedyzz_ZlsxKvHjCLg"], ["updated_at", "2018-11-15 23:29:54.080655"], ["id", 1]]
  ↳ app/models/user.rb:31
  [1m[35m (1.5ms)[0m  [1m[35mCOMMIT[0m
  ↳ app/models/user.rb:31
Redirected to http://localhost:3000/session/new
Completed 302 Found in 8ms (ActiveRecord: 3.0ms)


Started GET "/session/new" for 127.0.0.1 at 2018-11-15 15:29:54 -0800
Processing by SessionsController#new as HTML
  Rendering sessions/new.html.erb within layouts/application
  Rendered sessions/new.html.erb within layouts/application (0.7ms)
Completed 200 OK in 15ms (Views: 14.5ms | ActiveRecord: 0.0ms)


Started GET "/session/new" for 127.0.0.1 at 2018-11-15 15:35:17 -0800
Processing by SessionsController#new as HTML
  Rendering sessions/new.html.erb within layouts/application
  Rendered sessions/new.html.erb within layouts/application (0.8ms)
Completed 200 OK in 14ms (Views: 13.5ms | ActiveRecord: 0.0ms)


Started GET "/users/1" for 127.0.0.1 at 2018-11-15 15:35:34 -0800
Processing by UsersController#show as HTML
  Parameters: {"id"=>"1"}
Redirected to http://localhost:3000/session/new
Filter chain halted as :require_login rendered or redirected
Completed 302 Found in 1ms (ActiveRecord: 0.0ms)


Started GET "/session/new" for 127.0.0.1 at 2018-11-15 15:35:34 -0800
Processing by SessionsController#new as HTML
  Rendering sessions/new.html.erb within layouts/application
  Rendered sessions/new.html.erb within layouts/application (0.7ms)
Completed 200 OK in 15ms (Views: 14.4ms | ActiveRecord: 0.0ms)


Started GET "/session" for 127.0.0.1 at 2018-11-15 15:35:38 -0800
  
ActionController::RoutingError (No route matches [GET] "/session"):
  
actionpack (5.2.1) lib/action_dispatch/middleware/debug_exceptions.rb:65:in `call'
web-console (3.7.0) lib/web_console/middleware.rb:135:in `call_app'
web-console (3.7.0) lib/web_console/middleware.rb:30:in `block in call'
web-console (3.7.0) lib/web_console/middleware.rb:20:in `catch'
web-console (3.7.0) lib/web_console/middleware.rb:20:in `call'
actionpack (5.2.1) lib/action_dispatch/middleware/show_exceptions.rb:33:in `call'
railties (5.2.1) lib/rails/rack/logger.rb:38:in `call_app'
railties (5.2.1) lib/rails/rack/logger.rb:26:in `block in call'
activesupport (5.2.1) lib/active_support/tagged_logging.rb:71:in `block in tagged'
activesupport (5.2.1) lib/active_support/tagged_logging.rb:28:in `tagged'
activesupport (5.2.1) lib/active_support/tagged_logging.rb:71:in `tagged'
railties (5.2.1) lib/rails/rack/logger.rb:26:in `call'
sprockets-rails (3.2.1) lib/sprockets/rails/quiet_assets.rb:13:in `call'
actionpack (5.2.1) lib/action_dispatch/middleware/remote_ip.rb:81:in `call'
actionpack (5.2.1) lib/action_dispatch/middleware/request_id.rb:27:in `call'
rack (2.0.6) lib/rack/method_override.rb:22:in `call'
rack (2.0.6) lib/rack/runtime.rb:22:in `call'
activesupport (5.2.1) lib/active_support/cache/strategy/local_cache_middleware.rb:29:in `call'
actionpack (5.2.1) lib/action_dispatch/middleware/executor.rb:14:in `call'
actionpack (5.2.1) lib/action_dispatch/middleware/static.rb:127:in `call'
rack (2.0.6) lib/rack/sendfile.rb:111:in `call'
railties (5.2.1) lib/rails/engine.rb:524:in `call'
puma (3.12.0) lib/puma/configuration.rb:225:in `call'
puma (3.12.0) lib/puma/server.rb:658:in `handle_request'
puma (3.12.0) lib/puma/server.rb:472:in `process_client'
puma (3.12.0) lib/puma/server.rb:332:in `block in run'
puma (3.12.0) lib/puma/thread_pool.rb:133:in `block in spawn_thread'
Started GET "/users/1" for 127.0.0.1 at 2018-11-15 15:35:51 -0800
Processing by UsersController#show as HTML
  Parameters: {"id"=>"1"}
Redirected to http://localhost:3000/session/new
Filter chain halted as :require_login rendered or redirected
Completed 302 Found in 1ms (ActiveRecord: 0.0ms)


Started GET "/session/new" for 127.0.0.1 at 2018-11-15 15:35:51 -0800
Processing by SessionsController#new as HTML
  Rendering sessions/new.html.erb within layouts/application
  Rendered sessions/new.html.erb within layouts/application (0.5ms)
Completed 200 OK in 15ms (Views: 14.3ms | ActiveRecord: 0.0ms)


Started POST "/session" for 127.0.0.1 at 2018-11-15 15:35:56 -0800
Processing by SessionsController#create as HTML
  Parameters: {"authenticity_token"=>"44m8TOfc/DakWgGe5SE8FkZeTJ4xmosZzM0zfKjhaJMfuybnqe6zya1uMl+DhNOhWtFpPihFbhqRP+MVrEYRnQ==", "user"=>{"email"=>"josh@josh.com", "password"=>"[FILTERED]"}}
  [1m[36mUser Load (1.2ms)[0m  [1m[34mSELECT  "users".* FROM "users" WHERE "users"."email" = $1 LIMIT $2[0m  [["email", "josh@josh.com"], ["LIMIT", 1]]
  ↳ app/models/user.rb:24
  [1m[35m (0.3ms)[0m  [1m[35mBEGIN[0m
  ↳ app/models/user.rb:31
  [1m[36mUser Exists (0.5ms)[0m  [1m[34mSELECT  1 AS one FROM "users" WHERE "users"."email" = $1 AND "users"."id" != $2 LIMIT $3[0m  [["email", "josh@josh.com"], ["id", 1], ["LIMIT", 1]]
  ↳ app/models/user.rb:31
  [1m[36mUser Exists (0.3ms)[0m  [1m[34mSELECT  1 AS one FROM "users" WHERE "users"."session_token" = $1 AND "users"."id" != $2 LIMIT $3[0m  [["session_token", "5cfZ9ALUQzAHy4rX1zOuCA"], ["id", 1], ["LIMIT", 1]]
  ↳ app/models/user.rb:31
  [1m[36mUser Update (0.5ms)[0m  [1m[33mUPDATE "users" SET "session_token" = $1, "updated_at" = $2 WHERE "users"."id" = $3[0m  [["session_token", "5cfZ9ALUQzAHy4rX1zOuCA"], ["updated_at", "2018-11-15 23:35:56.765097"], ["id", 1]]
  ↳ app/models/user.rb:31
  [1m[35m (0.8ms)[0m  [1m[35mCOMMIT[0m
  ↳ app/models/user.rb:31
Redirected to http://localhost:3000/users/1
Completed 302 Found in 61ms (ActiveRecord: 3.6ms)


Started GET "/users/1" for 127.0.0.1 at 2018-11-15 15:35:56 -0800
Processing by UsersController#show as HTML
  Parameters: {"id"=>"1"}
  [1m[36mUser Load (0.2ms)[0m  [1m[34mSELECT  "users".* FROM "users" WHERE "users"."session_token" = $1 LIMIT $2[0m  [["session_token", "5cfZ9ALUQzAHy4rX1zOuCA"], ["LIMIT", 1]]
  ↳ app/controllers/application_controller.rb:12
  Rendering users/show.html.erb within layouts/application
  Rendered users/show.html.erb within layouts/application (0.3ms)
Completed 200 OK in 16ms (Views: 12.8ms | ActiveRecord: 0.4ms)


